{"total": {"lines":{"total":2438,"covered":1899,"skipped":0,"pct":77.89},"statements":{"total":2438,"covered":1899,"skipped":0,"pct":77.89},"functions":{"total":139,"covered":55,"skipped":0,"pct":39.56},"branches":{"total":269,"covered":192,"skipped":0,"pct":71.37},"branchesTrue":{"total":0,"covered":0,"skipped":0,"pct":100}}
,"C:\\Sistema-de-Gestao-de-Estoque\\frontend\\create-test-dirs.js": {"lines":{"total":13,"covered":0,"skipped":0,"pct":0},"functions":{"total":1,"covered":0,"skipped":0,"pct":0},"statements":{"total":13,"covered":0,"skipped":0,"pct":0},"branches":{"total":1,"covered":0,"skipped":0,"pct":0}}
,"C:\\Sistema-de-Gestao-de-Estoque\\frontend\\postcss.config.js": {"lines":{"total":6,"covered":0,"skipped":0,"pct":0},"functions":{"total":1,"covered":0,"skipped":0,"pct":0},"statements":{"total":6,"covered":0,"skipped":0,"pct":0},"branches":{"total":1,"covered":0,"skipped":0,"pct":0}}
,"C:\\Sistema-de-Gestao-de-Estoque\\frontend\\tailwind.config.ts": {"lines":{"total":58,"covered":0,"skipped":0,"pct":0},"functions":{"total":1,"covered":0,"skipped":0,"pct":0},"statements":{"total":58,"covered":0,"skipped":0,"pct":0},"branches":{"total":1,"covered":0,"skipped":0,"pct":0}}
,"C:\\Sistema-de-Gestao-de-Estoque\\frontend\\src\\App.tsx": {"lines":{"total":74,"covered":72,"skipped":0,"pct":97.29},"functions":{"total":6,"covered":6,"skipped":0,"pct":100},"statements":{"total":74,"covered":72,"skipped":0,"pct":97.29},"branches":{"total":15,"covered":11,"skipped":0,"pct":73.33}}
,"C:\\Sistema-de-Gestao-de-Estoque\\frontend\\src\\main.tsx": {"lines":{"total":40,"covered":0,"skipped":0,"pct":0},"functions":{"total":1,"covered":0,"skipped":0,"pct":0},"statements":{"total":40,"covered":0,"skipped":0,"pct":0},"branches":{"total":1,"covered":0,"skipped":0,"pct":0}}
,"C:\\Sistema-de-Gestao-de-Estoque\\frontend\\src\\components\\layout\\Header.tsx": {"lines":{"total":111,"covered":106,"skipped":0,"pct":95.49},"functions":{"total":4,"covered":4,"skipped":0,"pct":100},"statements":{"total":111,"covered":106,"skipped":0,"pct":95.49},"branches":{"total":25,"covered":18,"skipped":0,"pct":72}}
,"C:\\Sistema-de-Gestao-de-Estoque\\frontend\\src\\components\\layout\\Layout.tsx": {"lines":{"total":22,"covered":22,"skipped":0,"pct":100},"functions":{"total":3,"covered":3,"skipped":0,"pct":100},"statements":{"total":22,"covered":22,"skipped":0,"pct":100},"branches":{"total":4,"covered":4,"skipped":0,"pct":100}}
,"C:\\Sistema-de-Gestao-de-Estoque\\frontend\\src\\components\\layout\\Sidebar.tsx": {"lines":{"total":99,"covered":98,"skipped":0,"pct":98.98},"functions":{"total":2,"covered":2,"skipped":0,"pct":100},"statements":{"total":99,"covered":98,"skipped":0,"pct":98.98},"branches":{"total":11,"covered":9,"skipped":0,"pct":81.81}}
,"C:\\Sistema-de-Gestao-de-Estoque\\frontend\\src\\contexts\\AuthContext.tsx": {"lines":{"total":90,"covered":88,"skipped":0,"pct":97.77},"functions":{"total":7,"covered":7,"skipped":0,"pct":100},"statements":{"total":90,"covered":88,"skipped":0,"pct":97.77},"branches":{"total":25,"covered":24,"skipped":0,"pct":96}}
,"C:\\Sistema-de-Gestao-de-Estoque\\frontend\\src\\contexts\\ThemeContext.tsx": {"lines":{"total":39,"covered":39,"skipped":0,"pct":100},"functions":{"total":3,"covered":3,"skipped":0,"pct":100},"statements":{"total":39,"covered":39,"skipped":0,"pct":100},"branches":{"total":14,"covered":13,"skipped":0,"pct":92.85}}
,"C:\\Sistema-de-Gestao-de-Estoque\\frontend\\src\\hooks\\useWebSocket.ts": {"lines":{"total":56,"covered":0,"skipped":0,"pct":0},"functions":{"total":1,"covered":0,"skipped":0,"pct":0},"statements":{"total":56,"covered":0,"skipped":0,"pct":0},"branches":{"total":1,"covered":0,"skipped":0,"pct":0}}
,"C:\\Sistema-de-Gestao-de-Estoque\\frontend\\src\\i18n\\index.ts": {"lines":{"total":21,"covered":21,"skipped":0,"pct":100},"functions":{"total":0,"covered":0,"skipped":0,"pct":100},"statements":{"total":21,"covered":21,"skipped":0,"pct":100},"branches":{"total":0,"covered":0,"skipped":0,"pct":100}}
,"C:\\Sistema-de-Gestao-de-Estoque\\frontend\\src\\pages\\CadastroPage.tsx": {"lines":{"total":165,"covered":162,"skipped":0,"pct":98.18},"functions":{"total":5,"covered":3,"skipped":0,"pct":60},"statements":{"total":165,"covered":162,"skipped":0,"pct":98.18},"branches":{"total":20,"covered":9,"skipped":0,"pct":45}}
,"C:\\Sistema-de-Gestao-de-Estoque\\frontend\\src\\pages\\CategoriasPage.tsx": {"lines":{"total":125,"covered":99,"skipped":0,"pct":79.2},"functions":{"total":11,"covered":3,"skipped":0,"pct":27.27},"statements":{"total":125,"covered":99,"skipped":0,"pct":79.2},"branches":{"total":14,"covered":10,"skipped":0,"pct":71.42}}
,"C:\\Sistema-de-Gestao-de-Estoque\\frontend\\src\\pages\\EstoquePage.tsx": {"lines":{"total":57,"covered":56,"skipped":0,"pct":98.24},"functions":{"total":1,"covered":1,"skipped":0,"pct":100},"statements":{"total":57,"covered":56,"skipped":0,"pct":98.24},"branches":{"total":9,"covered":7,"skipped":0,"pct":77.77}}
,"C:\\Sistema-de-Gestao-de-Estoque\\frontend\\src\\pages\\FornecedoresPage.tsx": {"lines":{"total":147,"covered":121,"skipped":0,"pct":82.31},"functions":{"total":15,"covered":3,"skipped":0,"pct":20},"statements":{"total":147,"covered":121,"skipped":0,"pct":82.31},"branches":{"total":14,"covered":10,"skipped":0,"pct":71.42}}
,"C:\\Sistema-de-Gestao-de-Estoque\\frontend\\src\\pages\\LoginPage.tsx": {"lines":{"total":212,"covered":174,"skipped":0,"pct":82.07},"functions":{"total":7,"covered":2,"skipped":0,"pct":28.57},"statements":{"total":212,"covered":174,"skipped":0,"pct":82.07},"branches":{"total":17,"covered":10,"skipped":0,"pct":58.82}}
,"C:\\Sistema-de-Gestao-de-Estoque\\frontend\\src\\pages\\MovimentacoesPage.tsx": {"lines":{"total":254,"covered":200,"skipped":0,"pct":78.74},"functions":{"total":12,"covered":3,"skipped":0,"pct":25},"statements":{"total":254,"covered":200,"skipped":0,"pct":78.74},"branches":{"total":16,"covered":12,"skipped":0,"pct":75}}
,"C:\\Sistema-de-Gestao-de-Estoque\\frontend\\src\\pages\\PainelPage.tsx": {"lines":{"total":150,"covered":150,"skipped":0,"pct":100},"functions":{"total":3,"covered":3,"skipped":0,"pct":100},"statements":{"total":150,"covered":150,"skipped":0,"pct":100},"branches":{"total":24,"covered":23,"skipped":0,"pct":95.83}}
,"C:\\Sistema-de-Gestao-de-Estoque\\frontend\\src\\pages\\ProdutosPage.tsx": {"lines":{"total":215,"covered":184,"skipped":0,"pct":85.58},"functions":{"total":24,"covered":3,"skipped":0,"pct":12.5},"statements":{"total":215,"covered":184,"skipped":0,"pct":85.58},"branches":{"total":22,"covered":14,"skipped":0,"pct":63.63}}
,"C:\\Sistema-de-Gestao-de-Estoque\\frontend\\src\\pages\\UsuariosPage.tsx": {"lines":{"total":410,"covered":251,"skipped":0,"pct":61.21},"functions":{"total":25,"covered":4,"skipped":0,"pct":16},"statements":{"total":410,"covered":251,"skipped":0,"pct":61.21},"branches":{"total":25,"covered":9,"skipped":0,"pct":36}}
,"C:\\Sistema-de-Gestao-de-Estoque\\frontend\\src\\services\\api.ts": {"lines":{"total":40,"covered":22,"skipped":0,"pct":55},"functions":{"total":1,"covered":0,"skipped":0,"pct":0},"statements":{"total":40,"covered":22,"skipped":0,"pct":55},"branches":{"total":2,"covered":2,"skipped":0,"pct":100}}
,"C:\\Sistema-de-Gestao-de-Estoque\\frontend\\src\\utils\\index.ts": {"lines":{"total":34,"covered":34,"skipped":0,"pct":100},"functions":{"total":5,"covered":5,"skipped":0,"pct":100},"statements":{"total":34,"covered":34,"skipped":0,"pct":100},"branches":{"total":7,"covered":7,"skipped":0,"pct":100}}
}
