{"C:\\Sistema-de-Gestao-de-Estoque\\frontend\\create-test-dirs.js": {"path":"C:\\Sistema-de-Gestao-de-Estoque\\frontend\\create-test-dirs.js","all":true,"statementMap":{"0":{"start":{"line":1,"column":0},"end":{"line":1,"column":26}},"1":{"start":{"line":2,"column":0},"end":{"line":2,"column":29}},"2":{"start":{"line":3,"column":0},"end":{"line":3,"column":0}},"3":{"start":{"line":4,"column":0},"end":{"line":4,"column":14}},"4":{"start":{"line":5,"column":0},"end":{"line":5,"column":55}},"5":{"start":{"line":6,"column":0},"end":{"line":6,"column":52}},"6":{"start":{"line":7,"column":0},"end":{"line":7,"column":55}},"7":{"start":{"line":8,"column":0},"end":{"line":8,"column":2}},"8":{"start":{"line":9,"column":0},"end":{"line":9,"column":0}},"9":{"start":{"line":10,"column":0},"end":{"line":10,"column":21}},"10":{"start":{"line":11,"column":0},"end":{"line":11,"column":41}},"11":{"start":{"line":12,"column":0},"end":{"line":12,"column":33}},"12":{"start":{"line":13,"column":0},"end":{"line":13,"column":3}}},"s":{"0":0,"1":0,"2":0,"3":0,"4":0,"5":0,"6":0,"7":0,"8":0,"9":0,"10":0,"11":0,"12":0},"branchMap":{"0":{"type":"branch","line":1,"loc":{"start":{"line":1,"column":355},"end":{"line":13,"column":3}},"locations":[{"start":{"line":1,"column":355},"end":{"line":13,"column":3}}]}},"b":{"0":[0]},"fnMap":{"0":{"name":"(empty-report)","decl":{"start":{"line":1,"column":355},"end":{"line":13,"column":3}},"loc":{"start":{"line":1,"column":355},"end":{"line":13,"column":3}},"line":1}},"f":{"0":0}}
,"C:\\Sistema-de-Gestao-de-Estoque\\frontend\\postcss.config.js": {"path":"C:\\Sistema-de-Gestao-de-Estoque\\frontend\\postcss.config.js","all":true,"statementMap":{"0":{"start":{"line":1,"column":0},"end":{"line":1,"column":16}},"1":{"start":{"line":2,"column":0},"end":{"line":2,"column":12}},"2":{"start":{"line":3,"column":0},"end":{"line":3,"column":20}},"3":{"start":{"line":4,"column":0},"end":{"line":4,"column":21}},"4":{"start":{"line":5,"column":0},"end":{"line":5,"column":4}},"5":{"start":{"line":6,"column":0},"end":{"line":6,"column":2}}},"s":{"0":0,"1":0,"2":0,"3":0,"4":0,"5":0},"branchMap":{"0":{"type":"branch","line":1,"loc":{"start":{"line":1,"column":0},"end":{"line":6,"column":-12}},"locations":[{"start":{"line":1,"column":0},"end":{"line":6,"column":-12}}]}},"b":{"0":[0]},"fnMap":{"0":{"name":"(empty-report)","decl":{"start":{"line":1,"column":0},"end":{"line":6,"column":-12}},"loc":{"start":{"line":1,"column":0},"end":{"line":6,"column":-12}},"line":1}},"f":{"0":0}}
,"C:\\Sistema-de-Gestao-de-Estoque\\frontend\\tailwind.config.ts": {"path":"C:\\Sistema-de-Gestao-de-Estoque\\frontend\\tailwind.config.ts","all":true,"statementMap":{"0":{"start":{"line":1,"column":0},"end":{"line":1,"column":42}},"1":{"start":{"line":2,"column":0},"end":{"line":2,"column":0}},"2":{"start":{"line":3,"column":0},"end":{"line":3,"column":24}},"3":{"start":{"line":4,"column":0},"end":{"line":4,"column":20}},"4":{"start":{"line":5,"column":0},"end":{"line":5,"column":12}},"5":{"start":{"line":6,"column":0},"end":{"line":6,"column":19}},"6":{"start":{"line":7,"column":0},"end":{"line":7,"column":33}},"7":{"start":{"line":8,"column":0},"end":{"line":8,"column":4}},"8":{"start":{"line":9,"column":0},"end":{"line":9,"column":10}},"9":{"start":{"line":10,"column":0},"end":{"line":10,"column":13}},"10":{"start":{"line":11,"column":0},"end":{"line":11,"column":15}},"11":{"start":{"line":12,"column":0},"end":{"line":12,"column":18}},"12":{"start":{"line":13,"column":0},"end":{"line":13,"column":24}},"13":{"start":{"line":14,"column":0},"end":{"line":14,"column":25}},"14":{"start":{"line":15,"column":0},"end":{"line":15,"column":25}},"15":{"start":{"line":16,"column":0},"end":{"line":16,"column":25}},"16":{"start":{"line":17,"column":0},"end":{"line":17,"column":25}},"17":{"start":{"line":18,"column":0},"end":{"line":18,"column":25}},"18":{"start":{"line":19,"column":0},"end":{"line":19,"column":25}},"19":{"start":{"line":20,"column":0},"end":{"line":20,"column":25}},"20":{"start":{"line":21,"column":0},"end":{"line":21,"column":25}},"21":{"start":{"line":22,"column":0},"end":{"line":22,"column":25}},"22":{"start":{"line":23,"column":0},"end":{"line":23,"column":25}},"23":{"start":{"line":24,"column":0},"end":{"line":24,"column":10}},"24":{"start":{"line":25,"column":0},"end":{"line":25,"column":40}},"25":{"start":{"line":26,"column":0},"end":{"line":26,"column":40}},"26":{"start":{"line":27,"column":0},"end":{"line":27,"column":28}},"27":{"start":{"line":28,"column":0},"end":{"line":28,"column":52}},"28":{"start":{"line":29,"column":0},"end":{"line":29,"column":32}},"29":{"start":{"line":30,"column":0},"end":{"line":30,"column":30}},"30":{"start":{"line":31,"column":0},"end":{"line":31,"column":28}},"31":{"start":{"line":32,"column":0},"end":{"line":32,"column":30}},"32":{"start":{"line":33,"column":0},"end":{"line":33,"column":54}},"33":{"start":{"line":34,"column":0},"end":{"line":34,"column":32}},"34":{"start":{"line":35,"column":0},"end":{"line":35,"column":56}},"35":{"start":{"line":36,"column":0},"end":{"line":36,"column":42}},"36":{"start":{"line":37,"column":0},"end":{"line":37,"column":66}},"37":{"start":{"line":38,"column":0},"end":{"line":38,"column":8}},"38":{"start":{"line":39,"column":0},"end":{"line":39,"column":21}},"39":{"start":{"line":40,"column":0},"end":{"line":40,"column":28}},"40":{"start":{"line":41,"column":0},"end":{"line":41,"column":40}},"41":{"start":{"line":42,"column":0},"end":{"line":42,"column":40}},"42":{"start":{"line":43,"column":0},"end":{"line":43,"column":8}},"43":{"start":{"line":44,"column":0},"end":{"line":44,"column":18}},"44":{"start":{"line":45,"column":0},"end":{"line":45,"column":20}},"45":{"start":{"line":46,"column":0},"end":{"line":46,"column":64}},"46":{"start":{"line":47,"column":0},"end":{"line":47,"column":63}},"47":{"start":{"line":48,"column":0},"end":{"line":48,"column":10}},"48":{"start":{"line":49,"column":0},"end":{"line":49,"column":8}},"49":{"start":{"line":50,"column":0},"end":{"line":50,"column":18}},"50":{"start":{"line":51,"column":0},"end":{"line":51,"column":43}},"51":{"start":{"line":52,"column":0},"end":{"line":52,"column":8}},"52":{"start":{"line":53,"column":0},"end":{"line":53,"column":6}},"53":{"start":{"line":54,"column":0},"end":{"line":54,"column":4}},"54":{"start":{"line":55,"column":0},"end":{"line":55,"column":44}},"55":{"start":{"line":56,"column":0},"end":{"line":56,"column":2}},"56":{"start":{"line":57,"column":0},"end":{"line":57,"column":0}},"57":{"start":{"line":58,"column":0},"end":{"line":58,"column":22}}},"s":{"0":0,"1":0,"2":0,"3":0,"4":0,"5":0,"6":0,"7":0,"8":0,"9":0,"10":0,"11":0,"12":0,"13":0,"14":0,"15":0,"16":0,"17":0,"18":0,"19":0,"20":0,"21":0,"22":0,"23":0,"24":0,"25":0,"26":0,"27":0,"28":0,"29":0,"30":0,"31":0,"32":0,"33":0,"34":0,"35":0,"36":0,"37":0,"38":0,"39":0,"40":0,"41":0,"42":0,"43":0,"44":0,"45":0,"46":0,"47":0,"48":0,"49":0,"50":0,"51":0,"52":0,"53":0,"54":0,"55":0,"56":0,"57":0},"branchMap":{"0":{"type":"branch","line":1,"loc":{"start":{"line":1,"column":1613},"end":{"line":58,"column":22}},"locations":[{"start":{"line":1,"column":1613},"end":{"line":58,"column":22}}]}},"b":{"0":[0]},"fnMap":{"0":{"name":"(empty-report)","decl":{"start":{"line":1,"column":1613},"end":{"line":58,"column":22}},"loc":{"start":{"line":1,"column":1613},"end":{"line":58,"column":22}},"line":1}},"f":{"0":0}}
,"C:\\Sistema-de-Gestao-de-Estoque\\frontend\\src\\App.tsx": {"path":"C:\\Sistema-de-Gestao-de-Estoque\\frontend\\src\\App.tsx","all":false,"statementMap":{"0":{"start":{"line":1,"column":0},"end":{"line":1,"column":59}},"1":{"start":{"line":2,"column":0},"end":{"line":2,"column":63}},"2":{"start":{"line":3,"column":0},"end":{"line":3,"column":42}},"3":{"start":{"line":4,"column":0},"end":{"line":4,"column":48}},"4":{"start":{"line":5,"column":0},"end":{"line":5,"column":48}},"5":{"start":{"line":6,"column":0},"end":{"line":6,"column":44}},"6":{"start":{"line":7,"column":0},"end":{"line":7,"column":48}},"7":{"start":{"line":8,"column":0},"end":{"line":8,"column":52}},"8":{"start":{"line":9,"column":0},"end":{"line":9,"column":56}},"9":{"start":{"line":10,"column":0},"end":{"line":10,"column":46}},"10":{"start":{"line":11,"column":0},"end":{"line":11,"column":58}},"11":{"start":{"line":12,"column":0},"end":{"line":12,"column":48}},"12":{"start":{"line":13,"column":0},"end":{"line":13,"column":0}},"13":{"start":{"line":14,"column":0},"end":{"line":14,"column":65}},"14":{"start":{"line":15,"column":0},"end":{"line":15,"column":56}},"15":{"start":{"line":16,"column":0},"end":{"line":16,"column":1}},"16":{"start":{"line":17,"column":0},"end":{"line":17,"column":0}},"17":{"start":{"line":18,"column":0},"end":{"line":18,"column":68}},"18":{"start":{"line":19,"column":0},"end":{"line":19,"column":36}},"19":{"start":{"line":20,"column":0},"end":{"line":20,"column":74}},"20":{"start":{"line":21,"column":0},"end":{"line":21,"column":1}},"21":{"start":{"line":22,"column":0},"end":{"line":22,"column":0}},"22":{"start":{"line":23,"column":0},"end":{"line":23,"column":66}},"23":{"start":{"line":24,"column":0},"end":{"line":24,"column":54}},"24":{"start":{"line":25,"column":0},"end":{"line":25,"column":60}},"25":{"start":{"line":26,"column":0},"end":{"line":26,"column":78}},"26":{"start":{"line":27,"column":0},"end":{"line":27,"column":25}},"27":{"start":{"line":28,"column":0},"end":{"line":28,"column":1}},"28":{"start":{"line":29,"column":0},"end":{"line":29,"column":0}},"29":{"start":{"line":30,"column":0},"end":{"line":30,"column":22}},"30":{"start":{"line":31,"column":0},"end":{"line":31,"column":32}},"31":{"start":{"line":32,"column":0},"end":{"line":32,"column":0}},"32":{"start":{"line":33,"column":0},"end":{"line":33,"column":10}},"33":{"start":{"line":34,"column":0},"end":{"line":34,"column":12}},"34":{"start":{"line":35,"column":0},"end":{"line":35,"column":53}},"35":{"start":{"line":36,"column":0},"end":{"line":36,"column":59}},"36":{"start":{"line":37,"column":0},"end":{"line":37,"column":12}},"37":{"start":{"line":38,"column":0},"end":{"line":38,"column":16}},"38":{"start":{"line":39,"column":0},"end":{"line":39,"column":17}},"39":{"start":{"line":40,"column":0},"end":{"line":40,"column":24}},"40":{"start":{"line":41,"column":0},"end":{"line":41,"column":22}},"41":{"start":{"line":42,"column":0},"end":{"line":42,"column":25}},"42":{"start":{"line":43,"column":0},"end":{"line":43,"column":9}},"43":{"start":{"line":44,"column":0},"end":{"line":44,"column":7}},"44":{"start":{"line":45,"column":0},"end":{"line":45,"column":88}},"45":{"start":{"line":46,"column":0},"end":{"line":46,"column":56}},"46":{"start":{"line":47,"column":0},"end":{"line":47,"column":60}},"47":{"start":{"line":48,"column":0},"end":{"line":48,"column":64}},"48":{"start":{"line":49,"column":0},"end":{"line":49,"column":68}},"49":{"start":{"line":50,"column":0},"end":{"line":50,"column":58}},"50":{"start":{"line":51,"column":0},"end":{"line":51,"column":70}},"51":{"start":{"line":52,"column":0},"end":{"line":52,"column":85}},"52":{"start":{"line":53,"column":0},"end":{"line":53,"column":14}},"53":{"start":{"line":54,"column":0},"end":{"line":54,"column":62}},"54":{"start":{"line":55,"column":0},"end":{"line":55,"column":13}},"55":{"start":{"line":56,"column":0},"end":{"line":56,"column":4}},"56":{"start":{"line":57,"column":0},"end":{"line":57,"column":1}},"57":{"start":{"line":58,"column":0},"end":{"line":58,"column":0}},"58":{"start":{"line":59,"column":0},"end":{"line":59,"column":16}},"59":{"start":{"line":60,"column":0},"end":{"line":60,"column":10}},"60":{"start":{"line":61,"column":0},"end":{"line":61,"column":18}},"61":{"start":{"line":62,"column":0},"end":{"line":62,"column":19}},"62":{"start":{"line":63,"column":0},"end":{"line":63,"column":19}},"63":{"start":{"line":64,"column":0},"end":{"line":64,"column":4}},"64":{"start":{"line":65,"column":0},"end":{"line":65,"column":1}},"65":{"start":{"line":66,"column":0},"end":{"line":66,"column":0}},"66":{"start":{"line":67,"column":0},"end":{"line":67,"column":19}}},"s":{"0":1,"1":1,"2":1,"3":1,"4":1,"5":1,"6":1,"7":1,"8":1,"9":1,"10":1,"11":1,"12":1,"13":8,"14":8,"15":8,"16":1,"17":5,"18":5,"19":5,"20":5,"21":1,"22":1,"23":1,"24":1,"25":1,"26":0,"27":0,"28":1,"29":7,"30":7,"31":7,"32":7,"33":7,"34":7,"35":7,"36":7,"37":7,"38":7,"39":7,"40":7,"41":7,"42":7,"43":7,"44":7,"45":7,"46":7,"47":7,"48":7,"49":7,"50":7,"51":7,"52":7,"53":7,"54":7,"55":7,"56":7,"57":1,"58":7,"59":7,"60":7,"61":7,"62":7,"63":7,"64":7,"65":1,"66":1},"branchMap":{"0":{"type":"branch","line":14,"loc":{"start":{"line":14,"column":0},"end":{"line":16,"column":1}},"locations":[{"start":{"line":14,"column":0},"end":{"line":16,"column":1}}]},"1":{"type":"branch","line":15,"loc":{"start":{"line":15,"column":20},"end":{"line":15,"column":46}},"locations":[{"start":{"line":15,"column":20},"end":{"line":15,"column":46}}]},"2":{"type":"branch","line":15,"loc":{"start":{"line":15,"column":33},"end":{"line":15,"column":56}},"locations":[{"start":{"line":15,"column":33},"end":{"line":15,"column":56}}]},"3":{"type":"branch","line":18,"loc":{"start":{"line":18,"column":0},"end":{"line":21,"column":1}},"locations":[{"start":{"line":18,"column":0},"end":{"line":21,"column":1}}]},"4":{"type":"branch","line":20,"loc":{"start":{"line":20,"column":9},"end":{"line":20,"column":41}},"locations":[{"start":{"line":20,"column":9},"end":{"line":20,"column":41}}]},"5":{"type":"branch","line":20,"loc":{"start":{"line":20,"column":35},"end":{"line":20,"column":74}},"locations":[{"start":{"line":20,"column":35},"end":{"line":20,"column":74}}]},"6":{"type":"branch","line":23,"loc":{"start":{"line":23,"column":0},"end":{"line":28,"column":1}},"locations":[{"start":{"line":23,"column":0},"end":{"line":28,"column":1}}]},"7":{"type":"branch","line":25,"loc":{"start":{"line":25,"column":20},"end":{"line":25,"column":60}},"locations":[{"start":{"line":25,"column":20},"end":{"line":25,"column":60}}]},"8":{"type":"branch","line":26,"loc":{"start":{"line":26,"column":75},"end":{"line":28,"column":1}},"locations":[{"start":{"line":26,"column":75},"end":{"line":28,"column":1}}]},"9":{"type":"branch","line":30,"loc":{"start":{"line":30,"column":0},"end":{"line":57,"column":1}},"locations":[{"start":{"line":30,"column":0},"end":{"line":57,"column":1}}]},"10":{"type":"branch","line":45,"loc":{"start":{"line":45,"column":56},"end":{"line":45,"column":71}},"locations":[{"start":{"line":45,"column":56},"end":{"line":45,"column":71}}]},"11":{"type":"branch","line":59,"loc":{"start":{"line":59,"column":0},"end":{"line":65,"column":1}},"locations":[{"start":{"line":59,"column":0},"end":{"line":65,"column":1}}]}},"b":{"0":[8],"1":[2],"2":[6],"3":[5],"4":[4],"5":[1],"6":[1],"7":[0],"8":[0],"9":[7],"10":[4],"11":[7]},"fnMap":{"0":{"name":"getHomePath","decl":{"start":{"line":14,"column":0},"end":{"line":16,"column":1}},"loc":{"start":{"line":14,"column":0},"end":{"line":16,"column":1}},"line":14},"1":{"name":"PrivateRoute","decl":{"start":{"line":18,"column":0},"end":{"line":21,"column":1}},"loc":{"start":{"line":18,"column":0},"end":{"line":21,"column":1}},"line":18},"2":{"name":"AdminRoute","decl":{"start":{"line":23,"column":0},"end":{"line":28,"column":1}},"loc":{"start":{"line":23,"column":0},"end":{"line":28,"column":1}},"line":23},"3":{"name":"AppRoutes","decl":{"start":{"line":30,"column":0},"end":{"line":57,"column":1}},"loc":{"start":{"line":30,"column":0},"end":{"line":57,"column":1}},"line":30},"4":{"name":"App","decl":{"start":{"line":59,"column":0},"end":{"line":65,"column":1}},"loc":{"start":{"line":59,"column":0},"end":{"line":65,"column":1}},"line":59}},"f":{"0":8,"1":5,"2":1,"3":7,"4":7}}
,"C:\\Sistema-de-Gestao-de-Estoque\\frontend\\src\\main.tsx": {"path":"C:\\Sistema-de-Gestao-de-Estoque\\frontend\\src\\main.tsx","all":true,"statementMap":{"0":{"start":{"line":1,"column":0},"end":{"line":1,"column":26}},"1":{"start":{"line":2,"column":0},"end":{"line":2,"column":40}},"2":{"start":{"line":3,"column":0},"end":{"line":3,"column":49}},"3":{"start":{"line":4,"column":0},"end":{"line":4,"column":73}},"4":{"start":{"line":5,"column":0},"end":{"line":5,"column":42}},"5":{"start":{"line":6,"column":0},"end":{"line":6,"column":24}},"6":{"start":{"line":7,"column":0},"end":{"line":7,"column":56}},"7":{"start":{"line":8,"column":0},"end":{"line":8,"column":16}},"8":{"start":{"line":9,"column":0},"end":{"line":9,"column":21}},"9":{"start":{"line":10,"column":0},"end":{"line":10,"column":0}},"10":{"start":{"line":11,"column":0},"end":{"line":11,"column":37}},"11":{"start":{"line":12,"column":0},"end":{"line":12,"column":19}},"12":{"start":{"line":13,"column":0},"end":{"line":13,"column":14}},"13":{"start":{"line":14,"column":0},"end":{"line":14,"column":15}},"14":{"start":{"line":15,"column":0},"end":{"line":15,"column":34}},"15":{"start":{"line":16,"column":0},"end":{"line":16,"column":6}},"16":{"start":{"line":17,"column":0},"end":{"line":17,"column":4}},"17":{"start":{"line":18,"column":0},"end":{"line":18,"column":3}},"18":{"start":{"line":19,"column":0},"end":{"line":19,"column":0}},"19":{"start":{"line":20,"column":0},"end":{"line":20,"column":61}},"20":{"start":{"line":21,"column":0},"end":{"line":21,"column":20}},"21":{"start":{"line":22,"column":0},"end":{"line":22,"column":19}},"22":{"start":{"line":23,"column":0},"end":{"line":23,"column":48}},"23":{"start":{"line":24,"column":0},"end":{"line":24,"column":23}},"24":{"start":{"line":25,"column":0},"end":{"line":25,"column":17}},"25":{"start":{"line":26,"column":0},"end":{"line":26,"column":18}},"26":{"start":{"line":27,"column":0},"end":{"line":27,"column":35}},"27":{"start":{"line":28,"column":0},"end":{"line":28,"column":27}},"28":{"start":{"line":29,"column":0},"end":{"line":29,"column":29}},"29":{"start":{"line":30,"column":0},"end":{"line":30,"column":22}},"30":{"start":{"line":31,"column":0},"end":{"line":31,"column":36}},"31":{"start":{"line":32,"column":0},"end":{"line":32,"column":37}},"32":{"start":{"line":33,"column":0},"end":{"line":33,"column":16}},"33":{"start":{"line":34,"column":0},"end":{"line":34,"column":14}},"34":{"start":{"line":35,"column":0},"end":{"line":35,"column":12}},"35":{"start":{"line":36,"column":0},"end":{"line":36,"column":24}},"36":{"start":{"line":37,"column":0},"end":{"line":37,"column":28}},"37":{"start":{"line":38,"column":0},"end":{"line":38,"column":20}},"38":{"start":{"line":39,"column":0},"end":{"line":39,"column":22}},"39":{"start":{"line":40,"column":0},"end":{"line":40,"column":2}}},"s":{"0":0,"1":0,"2":0,"3":0,"4":0,"5":0,"6":0,"7":0,"8":0,"9":0,"10":0,"11":0,"12":0,"13":0,"14":0,"15":0,"16":0,"17":0,"18":0,"19":0,"20":0,"21":0,"22":0,"23":0,"24":0,"25":0,"26":0,"27":0,"28":0,"29":0,"30":0,"31":0,"32":0,"33":0,"34":0,"35":0,"36":0,"37":0,"38":0,"39":0},"branchMap":{"0":{"type":"branch","line":1,"loc":{"start":{"line":1,"column":0},"end":{"line":40,"column":-698}},"locations":[{"start":{"line":1,"column":0},"end":{"line":40,"column":-698}}]}},"b":{"0":[0]},"fnMap":{"0":{"name":"(empty-report)","decl":{"start":{"line":1,"column":0},"end":{"line":40,"column":-698}},"loc":{"start":{"line":1,"column":0},"end":{"line":40,"column":-698}},"line":1}},"f":{"0":0}}
,"C:\\Sistema-de-Gestao-de-Estoque\\frontend\\src\\components\\auth\\AuthPageControls.tsx": {"path":"C:\\Sistema-de-Gestao-de-Estoque\\frontend\\src\\components\\auth\\AuthPageControls.tsx","all":false,"statementMap":{"0":{"start":{"line":1,"column":0},"end":{"line":1,"column":48}},"1":{"start":{"line":2,"column":0},"end":{"line":2,"column":47}},"2":{"start":{"line":3,"column":0},"end":{"line":3,"column":55}},"3":{"start":{"line":4,"column":0},"end":{"line":4,"column":0}},"4":{"start":{"line":5,"column":0},"end":{"line":5,"column":44}},"5":{"start":{"line":6,"column":0},"end":{"line":6,"column":39}},"6":{"start":{"line":7,"column":0},"end":{"line":7,"column":44}},"7":{"start":{"line":8,"column":0},"end":{"line":8,"column":0}},"8":{"start":{"line":9,"column":0},"end":{"line":9,"column":61}},"9":{"start":{"line":10,"column":0},"end":{"line":10,"column":65}},"10":{"start":{"line":11,"column":0},"end":{"line":11,"column":0}},"11":{"start":{"line":12,"column":0},"end":{"line":12,"column":32}},"12":{"start":{"line":13,"column":0},"end":{"line":13,"column":62}},"13":{"start":{"line":14,"column":0},"end":{"line":14,"column":4}},"14":{"start":{"line":15,"column":0},"end":{"line":15,"column":0}},"15":{"start":{"line":16,"column":0},"end":{"line":16,"column":10}},"16":{"start":{"line":17,"column":0},"end":{"line":17,"column":45}},"17":{"start":{"line":18,"column":0},"end":{"line":18,"column":13}},"18":{"start":{"line":19,"column":0},"end":{"line":19,"column":21}},"19":{"start":{"line":20,"column":0},"end":{"line":20,"column":32}},"20":{"start":{"line":21,"column":0},"end":{"line":21,"column":68}},"21":{"start":{"line":22,"column":0},"end":{"line":22,"column":63}},"22":{"start":{"line":23,"column":0},"end":{"line":23,"column":164}},"23":{"start":{"line":24,"column":0},"end":{"line":24,"column":7}},"24":{"start":{"line":25,"column":0},"end":{"line":25,"column":27}},"25":{"start":{"line":26,"column":0},"end":{"line":26,"column":35}},"26":{"start":{"line":27,"column":0},"end":{"line":27,"column":15}},"27":{"start":{"line":28,"column":0},"end":{"line":28,"column":0}},"28":{"start":{"line":29,"column":0},"end":{"line":29,"column":13}},"29":{"start":{"line":30,"column":0},"end":{"line":30,"column":21}},"30":{"start":{"line":31,"column":0},"end":{"line":31,"column":29}},"31":{"start":{"line":32,"column":0},"end":{"line":32,"column":75}},"32":{"start":{"line":33,"column":0},"end":{"line":33,"column":70}},"33":{"start":{"line":34,"column":0},"end":{"line":34,"column":126}},"34":{"start":{"line":35,"column":0},"end":{"line":35,"column":7}},"35":{"start":{"line":36,"column":0},"end":{"line":36,"column":68}},"36":{"start":{"line":37,"column":0},"end":{"line":37,"column":15}},"37":{"start":{"line":38,"column":0},"end":{"line":38,"column":10}},"38":{"start":{"line":39,"column":0},"end":{"line":39,"column":4}},"39":{"start":{"line":40,"column":0},"end":{"line":40,"column":1}}},"s":{"0":1,"1":1,"2":1,"3":1,"4":24,"5":24,"6":24,"7":24,"8":24,"9":24,"10":24,"11":24,"12":0,"13":0,"14":24,"15":24,"16":24,"17":24,"18":24,"19":24,"20":24,"21":24,"22":24,"23":24,"24":24,"25":24,"26":24,"27":24,"28":24,"29":24,"30":24,"31":24,"32":24,"33":24,"34":24,"35":24,"36":24,"37":24,"38":24,"39":24},"branchMap":{"0":{"type":"branch","line":5,"loc":{"start":{"line":5,"column":0},"end":{"line":40,"column":1}},"locations":[{"start":{"line":5,"column":0},"end":{"line":40,"column":1}}]},"1":{"type":"branch","line":9,"loc":{"start":{"line":9,"column":27},"end":{"line":9,"column":61}},"locations":[{"start":{"line":9,"column":27},"end":{"line":9,"column":61}}]},"2":{"type":"branch","line":26,"loc":{"start":{"line":26,"column":23},"end":{"line":26,"column":35}},"locations":[{"start":{"line":26,"column":23},"end":{"line":26,"column":35}}]},"3":{"type":"branch","line":32,"loc":{"start":{"line":32,"column":54},"end":{"line":32,"column":75}},"locations":[{"start":{"line":32,"column":54},"end":{"line":32,"column":75}}]},"4":{"type":"branch","line":33,"loc":{"start":{"line":33,"column":49},"end":{"line":33,"column":70}},"locations":[{"start":{"line":33,"column":49},"end":{"line":33,"column":70}}]},"5":{"type":"branch","line":36,"loc":{"start":{"line":36,"column":45},"end":{"line":36,"column":68}},"locations":[{"start":{"line":36,"column":45},"end":{"line":36,"column":68}}]}},"b":{"0":[24],"1":[0],"2":[0],"3":[0],"4":[0],"5":[0]},"fnMap":{"0":{"name":"AuthPageControls","decl":{"start":{"line":5,"column":0},"end":{"line":40,"column":1}},"loc":{"start":{"line":5,"column":0},"end":{"line":40,"column":1}},"line":5},"1":{"name":"alternarIdioma","decl":{"start":{"line":12,"column":25},"end":{"line":14,"column":4}},"loc":{"start":{"line":12,"column":25},"end":{"line":14,"column":4}},"line":12}},"f":{"0":24,"1":0}}
,"C:\\Sistema-de-Gestao-de-Estoque\\frontend\\src\\components\\common\\ConfirmDialog.tsx": {"path":"C:\\Sistema-de-Gestao-de-Estoque\\frontend\\src\\components\\common\\ConfirmDialog.tsx","all":false,"statementMap":{"0":{"start":{"line":1,"column":0},"end":{"line":1,"column":45}},"1":{"start":{"line":2,"column":0},"end":{"line":2,"column":0}},"2":{"start":{"line":3,"column":0},"end":{"line":3,"column":30}},"3":{"start":{"line":4,"column":0},"end":{"line":4,"column":16}},"4":{"start":{"line":5,"column":0},"end":{"line":5,"column":16}},"5":{"start":{"line":6,"column":0},"end":{"line":6,"column":18}},"6":{"start":{"line":7,"column":0},"end":{"line":7,"column":23}},"7":{"start":{"line":8,"column":0},"end":{"line":8,"column":22}},"8":{"start":{"line":9,"column":0},"end":{"line":9,"column":20}},"9":{"start":{"line":10,"column":0},"end":{"line":10,"column":24}},"10":{"start":{"line":11,"column":0},"end":{"line":11,"column":23}},"11":{"start":{"line":12,"column":0},"end":{"line":12,"column":1}},"12":{"start":{"line":13,"column":0},"end":{"line":13,"column":0}},"13":{"start":{"line":14,"column":0},"end":{"line":14,"column":39}},"14":{"start":{"line":15,"column":0},"end":{"line":15,"column":7}},"15":{"start":{"line":16,"column":0},"end":{"line":16,"column":8}},"16":{"start":{"line":17,"column":0},"end":{"line":17,"column":10}},"17":{"start":{"line":18,"column":0},"end":{"line":18,"column":15}},"18":{"start":{"line":19,"column":0},"end":{"line":19,"column":14}},"19":{"start":{"line":20,"column":0},"end":{"line":20,"column":18}},"20":{"start":{"line":21,"column":0},"end":{"line":21,"column":12}},"21":{"start":{"line":22,"column":0},"end":{"line":22,"column":11}},"22":{"start":{"line":23,"column":0},"end":{"line":23,"column":24}},"23":{"start":{"line":24,"column":0},"end":{"line":24,"column":25}},"24":{"start":{"line":25,"column":0},"end":{"line":25,"column":0}},"25":{"start":{"line":26,"column":0},"end":{"line":26,"column":10}},"26":{"start":{"line":27,"column":0},"end":{"line":27,"column":89}},"27":{"start":{"line":28,"column":0},"end":{"line":28,"column":147}},"28":{"start":{"line":29,"column":0},"end":{"line":29,"column":124}},"29":{"start":{"line":30,"column":0},"end":{"line":30,"column":80}},"30":{"start":{"line":31,"column":0},"end":{"line":31,"column":14}},"31":{"start":{"line":32,"column":0},"end":{"line":32,"column":88}},"32":{"start":{"line":33,"column":0},"end":{"line":33,"column":82}},"33":{"start":{"line":34,"column":0},"end":{"line":34,"column":36}},"34":{"start":{"line":35,"column":0},"end":{"line":35,"column":17}},"35":{"start":{"line":36,"column":0},"end":{"line":36,"column":25}},"36":{"start":{"line":37,"column":0},"end":{"line":37,"column":30}},"37":{"start":{"line":38,"column":0},"end":{"line":38,"column":30}},"38":{"start":{"line":39,"column":0},"end":{"line":39,"column":191}},"39":{"start":{"line":40,"column":0},"end":{"line":40,"column":11}},"40":{"start":{"line":41,"column":0},"end":{"line":41,"column":25}},"41":{"start":{"line":42,"column":0},"end":{"line":42,"column":19}},"42":{"start":{"line":43,"column":0},"end":{"line":43,"column":17}},"43":{"start":{"line":44,"column":0},"end":{"line":44,"column":25}},"44":{"start":{"line":45,"column":0},"end":{"line":45,"column":31}},"45":{"start":{"line":46,"column":0},"end":{"line":46,"column":30}},"46":{"start":{"line":47,"column":0},"end":{"line":47,"column":125}},"47":{"start":{"line":48,"column":0},"end":{"line":48,"column":11}},"48":{"start":{"line":49,"column":0},"end":{"line":49,"column":26}},"49":{"start":{"line":50,"column":0},"end":{"line":50,"column":19}},"50":{"start":{"line":51,"column":0},"end":{"line":51,"column":14}},"51":{"start":{"line":52,"column":0},"end":{"line":52,"column":12}},"52":{"start":{"line":53,"column":0},"end":{"line":53,"column":10}},"53":{"start":{"line":54,"column":0},"end":{"line":54,"column":4}},"54":{"start":{"line":55,"column":0},"end":{"line":55,"column":1}}},"s":{"0":1,"1":1,"2":1,"3":1,"4":1,"5":1,"6":1,"7":1,"8":1,"9":1,"10":1,"11":1,"12":1,"13":36,"14":36,"15":36,"16":36,"17":36,"18":36,"19":36,"20":36,"21":36,"22":36,"23":36,"24":3,"25":3,"26":3,"27":3,"28":3,"29":3,"30":3,"31":3,"32":3,"33":3,"34":3,"35":3,"36":3,"37":3,"38":3,"39":3,"40":3,"41":3,"42":3,"43":3,"44":3,"45":3,"46":3,"47":3,"48":3,"49":3,"50":3,"51":3,"52":3,"53":3,"54":3},"branchMap":{"0":{"type":"branch","line":14,"loc":{"start":{"line":14,"column":0},"end":{"line":55,"column":1}},"locations":[{"start":{"line":14,"column":0},"end":{"line":55,"column":1}}]},"1":{"type":"branch","line":24,"loc":{"start":{"line":24,"column":13},"end":{"line":24,"column":25}},"locations":[{"start":{"line":24,"column":13},"end":{"line":24,"column":25}}]},"2":{"type":"branch","line":24,"loc":{"start":{"line":24,"column":20},"end":{"line":55,"column":1}},"locations":[{"start":{"line":24,"column":20},"end":{"line":55,"column":1}}]}},"b":{"0":[36],"1":[33],"2":[3]},"fnMap":{"0":{"name":"ConfirmDialog","decl":{"start":{"line":14,"column":0},"end":{"line":55,"column":1}},"loc":{"start":{"line":14,"column":0},"end":{"line":55,"column":1}},"line":14}},"f":{"0":36}}
,"C:\\Sistema-de-Gestao-de-Estoque\\frontend\\src\\components\\layout\\Header.tsx": {"path":"C:\\Sistema-de-Gestao-de-Estoque\\frontend\\src\\components\\layout\\Header.tsx","all":false,"statementMap":{"0":{"start":{"line":1,"column":0},"end":{"line":1,"column":81}},"1":{"start":{"line":2,"column":0},"end":{"line":2,"column":33}},"2":{"start":{"line":3,"column":0},"end":{"line":3,"column":47}},"3":{"start":{"line":4,"column":0},"end":{"line":4,"column":47}},"4":{"start":{"line":5,"column":0},"end":{"line":5,"column":53}},"5":{"start":{"line":6,"column":0},"end":{"line":6,"column":55}},"6":{"start":{"line":7,"column":0},"end":{"line":7,"column":0}},"7":{"start":{"line":8,"column":0},"end":{"line":8,"column":23}},"8":{"start":{"line":9,"column":0},"end":{"line":9,"column":27}},"9":{"start":{"line":10,"column":0},"end":{"line":10,"column":1}},"10":{"start":{"line":11,"column":0},"end":{"line":11,"column":0}},"11":{"start":{"line":12,"column":0},"end":{"line":12,"column":63}},"12":{"start":{"line":13,"column":0},"end":{"line":13,"column":33}},"13":{"start":{"line":14,"column":0},"end":{"line":14,"column":39}},"14":{"start":{"line":15,"column":0},"end":{"line":15,"column":40}},"15":{"start":{"line":16,"column":0},"end":{"line":16,"column":44}},"16":{"start":{"line":17,"column":0},"end":{"line":17,"column":54}},"17":{"start":{"line":18,"column":0},"end":{"line":18,"column":0}},"18":{"start":{"line":19,"column":0},"end":{"line":19,"column":49}},"19":{"start":{"line":20,"column":0},"end":{"line":20,"column":22}},"20":{"start":{"line":21,"column":0},"end":{"line":21,"column":35}},"21":{"start":{"line":22,"column":0},"end":{"line":22,"column":26}},"22":{"start":{"line":23,"column":0},"end":{"line":23,"column":38}},"23":{"start":{"line":24,"column":0},"end":{"line":24,"column":29}},"24":{"start":{"line":25,"column":0},"end":{"line":25,"column":26}},"25":{"start":{"line":26,"column":0},"end":{"line":26,"column":0}},"26":{"start":{"line":27,"column":0},"end":{"line":27,"column":61}},"27":{"start":{"line":28,"column":0},"end":{"line":28,"column":65}},"28":{"start":{"line":29,"column":0},"end":{"line":29,"column":0}},"29":{"start":{"line":30,"column":0},"end":{"line":30,"column":32}},"30":{"start":{"line":31,"column":0},"end":{"line":31,"column":62}},"31":{"start":{"line":32,"column":0},"end":{"line":32,"column":4}},"32":{"start":{"line":33,"column":0},"end":{"line":33,"column":0}},"33":{"start":{"line":34,"column":0},"end":{"line":34,"column":30}},"34":{"start":{"line":35,"column":0},"end":{"line":35,"column":13}},"35":{"start":{"line":36,"column":0},"end":{"line":36,"column":23}},"36":{"start":{"line":37,"column":0},"end":{"line":37,"column":4}},"37":{"start":{"line":38,"column":0},"end":{"line":38,"column":0}},"38":{"start":{"line":39,"column":0},"end":{"line":39,"column":10}},"39":{"start":{"line":40,"column":0},"end":{"line":40,"column":150}},"40":{"start":{"line":41,"column":0},"end":{"line":41,"column":13}},"41":{"start":{"line":42,"column":0},"end":{"line":42,"column":21}},"42":{"start":{"line":43,"column":0},"end":{"line":43,"column":30}},"43":{"start":{"line":44,"column":0},"end":{"line":44,"column":41}},"44":{"start":{"line":45,"column":0},"end":{"line":45,"column":136}},"45":{"start":{"line":46,"column":0},"end":{"line":46,"column":7}},"46":{"start":{"line":47,"column":0},"end":{"line":47,"column":26}},"47":{"start":{"line":48,"column":0},"end":{"line":48,"column":15}},"48":{"start":{"line":49,"column":0},"end":{"line":49,"column":41}},"49":{"start":{"line":50,"column":0},"end":{"line":50,"column":65}},"50":{"start":{"line":51,"column":0},"end":{"line":51,"column":15}},"51":{"start":{"line":52,"column":0},"end":{"line":52,"column":23}},"52":{"start":{"line":53,"column":0},"end":{"line":53,"column":34}},"53":{"start":{"line":54,"column":0},"end":{"line":54,"column":70}},"54":{"start":{"line":55,"column":0},"end":{"line":55,"column":65}},"55":{"start":{"line":56,"column":0},"end":{"line":56,"column":166}},"56":{"start":{"line":57,"column":0},"end":{"line":57,"column":9}},"57":{"start":{"line":58,"column":0},"end":{"line":58,"column":29}},"58":{"start":{"line":59,"column":0},"end":{"line":59,"column":37}},"59":{"start":{"line":60,"column":0},"end":{"line":60,"column":17}},"60":{"start":{"line":61,"column":0},"end":{"line":61,"column":0}},"61":{"start":{"line":62,"column":0},"end":{"line":62,"column":15}},"62":{"start":{"line":63,"column":0},"end":{"line":63,"column":23}},"63":{"start":{"line":64,"column":0},"end":{"line":64,"column":31}},"64":{"start":{"line":65,"column":0},"end":{"line":65,"column":77}},"65":{"start":{"line":66,"column":0},"end":{"line":66,"column":72}},"66":{"start":{"line":67,"column":0},"end":{"line":67,"column":128}},"67":{"start":{"line":68,"column":0},"end":{"line":68,"column":9}},"68":{"start":{"line":69,"column":0},"end":{"line":69,"column":70}},"69":{"start":{"line":70,"column":0},"end":{"line":70,"column":17}},"70":{"start":{"line":71,"column":0},"end":{"line":71,"column":0}},"71":{"start":{"line":72,"column":0},"end":{"line":72,"column":15}},"72":{"start":{"line":73,"column":0},"end":{"line":73,"column":23}},"73":{"start":{"line":74,"column":0},"end":{"line":74,"column":52}},"74":{"start":{"line":75,"column":0},"end":{"line":75,"column":205}},"75":{"start":{"line":76,"column":0},"end":{"line":76,"column":9}},"76":{"start":{"line":77,"column":0},"end":{"line":77,"column":111}},"77":{"start":{"line":78,"column":0},"end":{"line":78,"column":30}},"78":{"start":{"line":79,"column":0},"end":{"line":79,"column":16}},"79":{"start":{"line":80,"column":0},"end":{"line":80,"column":53}},"80":{"start":{"line":81,"column":0},"end":{"line":81,"column":53}},"81":{"start":{"line":82,"column":0},"end":{"line":82,"column":46}},"82":{"start":{"line":83,"column":0},"end":{"line":83,"column":16}},"83":{"start":{"line":84,"column":0},"end":{"line":84,"column":82}},"84":{"start":{"line":85,"column":0},"end":{"line":85,"column":27}},"85":{"start":{"line":86,"column":0},"end":{"line":86,"column":71}},"86":{"start":{"line":87,"column":0},"end":{"line":87,"column":16}},"87":{"start":{"line":88,"column":0},"end":{"line":88,"column":16}},"88":{"start":{"line":89,"column":0},"end":{"line":89,"column":80}},"89":{"start":{"line":90,"column":0},"end":{"line":90,"column":17}},"90":{"start":{"line":91,"column":0},"end":{"line":91,"column":0}},"91":{"start":{"line":92,"column":0},"end":{"line":92,"column":24}},"92":{"start":{"line":93,"column":0},"end":{"line":93,"column":152}},"93":{"start":{"line":94,"column":0},"end":{"line":94,"column":85}},"94":{"start":{"line":95,"column":0},"end":{"line":95,"column":117}},"95":{"start":{"line":96,"column":0},"end":{"line":96,"column":106}},"96":{"start":{"line":97,"column":0},"end":{"line":97,"column":18}},"97":{"start":{"line":98,"column":0},"end":{"line":98,"column":19}},"98":{"start":{"line":99,"column":0},"end":{"line":99,"column":27}},"99":{"start":{"line":100,"column":0},"end":{"line":100,"column":36}},"100":{"start":{"line":101,"column":0},"end":{"line":101,"column":166}},"101":{"start":{"line":102,"column":0},"end":{"line":102,"column":13}},"102":{"start":{"line":103,"column":0},"end":{"line":103,"column":34}},"103":{"start":{"line":104,"column":0},"end":{"line":104,"column":31}},"104":{"start":{"line":105,"column":0},"end":{"line":105,"column":21}},"105":{"start":{"line":106,"column":0},"end":{"line":106,"column":16}},"106":{"start":{"line":107,"column":0},"end":{"line":107,"column":10}},"107":{"start":{"line":108,"column":0},"end":{"line":108,"column":12}},"108":{"start":{"line":109,"column":0},"end":{"line":109,"column":13}},"109":{"start":{"line":110,"column":0},"end":{"line":110,"column":4}},"110":{"start":{"line":111,"column":0},"end":{"line":111,"column":1}}},"s":{"0":1,"1":1,"2":1,"3":1,"4":1,"5":1,"6":1,"7":1,"8":1,"9":1,"10":1,"11":15,"12":15,"13":15,"14":15,"15":15,"16":15,"17":15,"18":15,"19":14,"20":0,"21":0,"22":0,"23":0,"24":0,"25":15,"26":15,"27":15,"28":15,"29":15,"30":1,"31":1,"32":15,"33":15,"34":1,"35":1,"36":1,"37":15,"38":15,"39":15,"40":15,"41":15,"42":15,"43":15,"44":15,"45":15,"46":15,"47":15,"48":15,"49":15,"50":15,"51":15,"52":15,"53":15,"54":15,"55":15,"56":15,"57":15,"58":15,"59":15,"60":15,"61":15,"62":15,"63":15,"64":15,"65":15,"66":15,"67":15,"68":15,"69":15,"70":15,"71":15,"72":15,"73":15,"74":15,"75":15,"76":15,"77":15,"78":15,"79":15,"80":15,"81":15,"82":15,"83":15,"84":15,"85":15,"86":15,"87":15,"88":15,"89":15,"90":15,"91":15,"92":4,"93":4,"94":4,"95":4,"96":4,"97":4,"98":4,"99":4,"100":4,"101":4,"102":4,"103":4,"104":4,"105":4,"106":15,"107":15,"108":15,"109":15,"110":15},"branchMap":{"0":{"type":"branch","line":12,"loc":{"start":{"line":12,"column":0},"end":{"line":111,"column":1}},"locations":[{"start":{"line":12,"column":0},"end":{"line":111,"column":1}}]},"1":{"type":"branch","line":19,"loc":{"start":{"line":19,"column":22},"end":{"line":19,"column":42}},"locations":[{"start":{"line":19,"column":22},"end":{"line":19,"column":42}}]},"2":{"type":"branch","line":19,"loc":{"start":{"line":19,"column":42},"end":{"line":20,"column":22}},"locations":[{"start":{"line":19,"column":42},"end":{"line":20,"column":22}}]},"3":{"type":"branch","line":20,"loc":{"start":{"line":20,"column":21},"end":{"line":25,"column":26}},"locations":[{"start":{"line":20,"column":21},"end":{"line":25,"column":26}}]},"4":{"type":"branch","line":27,"loc":{"start":{"line":27,"column":27},"end":{"line":27,"column":61}},"locations":[{"start":{"line":27,"column":27},"end":{"line":27,"column":61}}]},"5":{"type":"branch","line":59,"loc":{"start":{"line":59,"column":11},"end":{"line":59,"column":32}},"locations":[{"start":{"line":59,"column":11},"end":{"line":59,"column":32}}]},"6":{"type":"branch","line":59,"loc":{"start":{"line":59,"column":25},"end":{"line":59,"column":37}},"locations":[{"start":{"line":59,"column":25},"end":{"line":59,"column":37}}]},"7":{"type":"branch","line":65,"loc":{"start":{"line":65,"column":32},"end":{"line":65,"column":60}},"locations":[{"start":{"line":65,"column":32},"end":{"line":65,"column":60}}]},"8":{"type":"branch","line":65,"loc":{"start":{"line":65,"column":56},"end":{"line":65,"column":77}},"locations":[{"start":{"line":65,"column":56},"end":{"line":65,"column":77}}]},"9":{"type":"branch","line":66,"loc":{"start":{"line":66,"column":27},"end":{"line":66,"column":55}},"locations":[{"start":{"line":66,"column":27},"end":{"line":66,"column":55}}]},"10":{"type":"branch","line":66,"loc":{"start":{"line":66,"column":51},"end":{"line":66,"column":72}},"locations":[{"start":{"line":66,"column":51},"end":{"line":66,"column":72}}]},"11":{"type":"branch","line":69,"loc":{"start":{"line":69,"column":21},"end":{"line":69,"column":52}},"locations":[{"start":{"line":69,"column":21},"end":{"line":69,"column":52}}]},"12":{"type":"branch","line":69,"loc":{"start":{"line":69,"column":47},"end":{"line":69,"column":70}},"locations":[{"start":{"line":69,"column":47},"end":{"line":69,"column":70}}]},"13":{"type":"branch","line":82,"loc":{"start":{"line":82,"column":15},"end":{"line":82,"column":32}},"locations":[{"start":{"line":82,"column":15},"end":{"line":82,"column":32}}]},"14":{"type":"branch","line":82,"loc":{"start":{"line":82,"column":24},"end":{"line":82,"column":46}},"locations":[{"start":{"line":82,"column":24},"end":{"line":82,"column":46}}]},"15":{"type":"branch","line":86,"loc":{"start":{"line":86,"column":15},"end":{"line":86,"column":38}},"locations":[{"start":{"line":86,"column":15},"end":{"line":86,"column":38}}]},"16":{"type":"branch","line":86,"loc":{"start":{"line":86,"column":24},"end":{"line":86,"column":68}},"locations":[{"start":{"line":86,"column":24},"end":{"line":86,"column":68}}]},"17":{"type":"branch","line":86,"loc":{"start":{"line":86,"column":63},"end":{"line":86,"column":71}},"locations":[{"start":{"line":86,"column":63},"end":{"line":86,"column":71}}]},"18":{"type":"branch","line":92,"loc":{"start":{"line":92,"column":9},"end":{"line":106,"column":16}},"locations":[{"start":{"line":92,"column":9},"end":{"line":106,"column":16}}]},"19":{"type":"branch","line":95,"loc":{"start":{"line":95,"column":101},"end":{"line":95,"column":113}},"locations":[{"start":{"line":95,"column":101},"end":{"line":95,"column":113}}]},"20":{"type":"branch","line":96,"loc":{"start":{"line":96,"column":89},"end":{"line":96,"column":102}},"locations":[{"start":{"line":96,"column":89},"end":{"line":96,"column":102}}]},"21":{"type":"branch","line":30,"loc":{"start":{"line":30,"column":25},"end":{"line":32,"column":4}},"locations":[{"start":{"line":30,"column":25},"end":{"line":32,"column":4}}]},"22":{"type":"branch","line":31,"loc":{"start":{"line":31,"column":43},"end":{"line":31,"column":60}},"locations":[{"start":{"line":31,"column":43},"end":{"line":31,"column":60}}]},"23":{"type":"branch","line":34,"loc":{"start":{"line":34,"column":23},"end":{"line":37,"column":4}},"locations":[{"start":{"line":34,"column":23},"end":{"line":37,"column":4}}]},"24":{"type":"branch","line":74,"loc":{"start":{"line":74,"column":19},"end":{"line":74,"column":52}},"locations":[{"start":{"line":74,"column":19},"end":{"line":74,"column":52}}]}},"b":{"0":[15],"1":[14],"2":[14],"3":[0],"4":[0],"5":[12],"6":[2],"7":[12],"8":[2],"9":[12],"10":[2],"11":[12],"12":[2],"13":[14],"14":[0],"15":[14],"16":[14],"17":[0],"18":[4],"19":[0],"20":[0],"21":[1],"22":[0],"23":[1],"24":[2]},"fnMap":{"0":{"name":"Header","decl":{"start":{"line":12,"column":0},"end":{"line":111,"column":1}},"loc":{"start":{"line":12,"column":0},"end":{"line":111,"column":1}},"line":12},"1":{"name":"alternarIdioma","decl":{"start":{"line":30,"column":25},"end":{"line":32,"column":4}},"loc":{"start":{"line":30,"column":25},"end":{"line":32,"column":4}},"line":30},"2":{"name":"handleLogout","decl":{"start":{"line":34,"column":23},"end":{"line":37,"column":4}},"loc":{"start":{"line":34,"column":23},"end":{"line":37,"column":4}},"line":34},"3":{"name":"onClick","decl":{"start":{"line":74,"column":19},"end":{"line":74,"column":52}},"loc":{"start":{"line":74,"column":19},"end":{"line":74,"column":52}},"line":74}},"f":{"0":15,"1":1,"2":1,"3":2}}
,"C:\\Sistema-de-Gestao-de-Estoque\\frontend\\src\\components\\layout\\Layout.tsx": {"path":"C:\\Sistema-de-Gestao-de-Estoque\\frontend\\src\\components\\layout\\Layout.tsx","all":false,"statementMap":{"0":{"start":{"line":1,"column":0},"end":{"line":1,"column":33}},"1":{"start":{"line":2,"column":0},"end":{"line":2,"column":42}},"2":{"start":{"line":3,"column":0},"end":{"line":3,"column":32}},"3":{"start":{"line":4,"column":0},"end":{"line":4,"column":30}},"4":{"start":{"line":5,"column":0},"end":{"line":5,"column":56}},"5":{"start":{"line":6,"column":0},"end":{"line":6,"column":0}},"6":{"start":{"line":7,"column":0},"end":{"line":7,"column":34}},"7":{"start":{"line":8,"column":0},"end":{"line":8,"column":17}},"8":{"start":{"line":9,"column":0},"end":{"line":9,"column":60}},"9":{"start":{"line":10,"column":0},"end":{"line":10,"column":0}},"10":{"start":{"line":11,"column":0},"end":{"line":11,"column":10}},"11":{"start":{"line":12,"column":0},"end":{"line":12,"column":64}},"12":{"start":{"line":13,"column":0},"end":{"line":13,"column":79}},"13":{"start":{"line":14,"column":0},"end":{"line":14,"column":60}},"14":{"start":{"line":15,"column":0},"end":{"line":15,"column":77}},"15":{"start":{"line":16,"column":0},"end":{"line":16,"column":60}},"16":{"start":{"line":17,"column":0},"end":{"line":17,"column":20}},"17":{"start":{"line":18,"column":0},"end":{"line":18,"column":15}},"18":{"start":{"line":19,"column":0},"end":{"line":19,"column":12}},"19":{"start":{"line":20,"column":0},"end":{"line":20,"column":10}},"20":{"start":{"line":21,"column":0},"end":{"line":21,"column":4}},"21":{"start":{"line":22,"column":0},"end":{"line":22,"column":1}}},"s":{"0":1,"1":1,"2":1,"3":1,"4":1,"5":1,"6":6,"7":6,"8":6,"9":6,"10":6,"11":6,"12":6,"13":6,"14":6,"15":6,"16":6,"17":6,"18":6,"19":6,"20":6,"21":6},"branchMap":{"0":{"type":"branch","line":7,"loc":{"start":{"line":7,"column":0},"end":{"line":22,"column":1}},"locations":[{"start":{"line":7,"column":0},"end":{"line":22,"column":1}}]},"1":{"type":"branch","line":13,"loc":{"start":{"line":13,"column":46},"end":{"line":13,"column":77}},"locations":[{"start":{"line":13,"column":46},"end":{"line":13,"column":77}}]},"2":{"type":"branch","line":15,"loc":{"start":{"line":15,"column":30},"end":{"line":15,"column":75}},"locations":[{"start":{"line":15,"column":30},"end":{"line":15,"column":75}}]},"3":{"type":"branch","line":15,"loc":{"start":{"line":15,"column":53},"end":{"line":15,"column":72}},"locations":[{"start":{"line":15,"column":53},"end":{"line":15,"column":72}}]}},"b":{"0":[6],"1":[1],"2":[1],"3":[1]},"fnMap":{"0":{"name":"Layout","decl":{"start":{"line":7,"column":0},"end":{"line":22,"column":1}},"loc":{"start":{"line":7,"column":0},"end":{"line":22,"column":1}},"line":7},"1":{"name":"onToggle","decl":{"start":{"line":13,"column":46},"end":{"line":13,"column":77}},"loc":{"start":{"line":13,"column":46},"end":{"line":13,"column":77}},"line":13},"2":{"name":"onMenuToggle","decl":{"start":{"line":15,"column":30},"end":{"line":15,"column":75}},"loc":{"start":{"line":15,"column":30},"end":{"line":15,"column":75}},"line":15}},"f":{"0":6,"1":1,"2":1}}
,"C:\\Sistema-de-Gestao-de-Estoque\\frontend\\src\\components\\layout\\Sidebar.tsx": {"path":"C:\\Sistema-de-Gestao-de-Estoque\\frontend\\src\\components\\layout\\Sidebar.tsx","all":false,"statementMap":{"0":{"start":{"line":1,"column":0},"end":{"line":1,"column":43}},"1":{"start":{"line":2,"column":0},"end":{"line":2,"column":8}},"2":{"start":{"line":3,"column":0},"end":{"line":3,"column":40}},"3":{"start":{"line":4,"column":0},"end":{"line":4,"column":48}},"4":{"start":{"line":5,"column":0},"end":{"line":5,"column":22}},"5":{"start":{"line":6,"column":0},"end":{"line":6,"column":47}},"6":{"start":{"line":7,"column":0},"end":{"line":7,"column":53}},"7":{"start":{"line":8,"column":0},"end":{"line":8,"column":0}},"8":{"start":{"line":9,"column":0},"end":{"line":9,"column":24}},"9":{"start":{"line":10,"column":0},"end":{"line":10,"column":16}},"10":{"start":{"line":11,"column":0},"end":{"line":11,"column":23}},"11":{"start":{"line":12,"column":0},"end":{"line":12,"column":1}},"12":{"start":{"line":13,"column":0},"end":{"line":13,"column":0}},"13":{"start":{"line":14,"column":0},"end":{"line":14,"column":67}},"14":{"start":{"line":15,"column":0},"end":{"line":15,"column":33}},"15":{"start":{"line":16,"column":0},"end":{"line":16,"column":32}},"16":{"start":{"line":17,"column":0},"end":{"line":17,"column":0}},"17":{"start":{"line":18,"column":0},"end":{"line":18,"column":22}},"18":{"start":{"line":19,"column":0},"end":{"line":19,"column":72}},"19":{"start":{"line":20,"column":0},"end":{"line":20,"column":65}},"20":{"start":{"line":21,"column":0},"end":{"line":21,"column":66}},"21":{"start":{"line":22,"column":0},"end":{"line":22,"column":68}},"22":{"start":{"line":23,"column":0},"end":{"line":23,"column":63}},"23":{"start":{"line":24,"column":0},"end":{"line":24,"column":78}},"24":{"start":{"line":25,"column":0},"end":{"line":25,"column":60}},"25":{"start":{"line":26,"column":0},"end":{"line":26,"column":4}},"26":{"start":{"line":27,"column":0},"end":{"line":27,"column":76}},"27":{"start":{"line":28,"column":0},"end":{"line":28,"column":37}},"28":{"start":{"line":29,"column":0},"end":{"line":29,"column":0}},"29":{"start":{"line":30,"column":0},"end":{"line":30,"column":43}},"30":{"start":{"line":31,"column":0},"end":{"line":31,"column":16}},"31":{"start":{"line":32,"column":0},"end":{"line":32,"column":35}},"32":{"start":{"line":33,"column":0},"end":{"line":33,"column":20}},"33":{"start":{"line":34,"column":0},"end":{"line":34,"column":22}},"34":{"start":{"line":35,"column":0},"end":{"line":35,"column":0}},"35":{"start":{"line":36,"column":0},"end":{"line":36,"column":10}},"36":{"start":{"line":37,"column":0},"end":{"line":37,"column":6}},"37":{"start":{"line":38,"column":0},"end":{"line":38,"column":16}},"38":{"start":{"line":39,"column":0},"end":{"line":39,"column":15}},"39":{"start":{"line":40,"column":0},"end":{"line":40,"column":23}},"40":{"start":{"line":41,"column":0},"end":{"line":41,"column":44}},"41":{"start":{"line":42,"column":0},"end":{"line":42,"column":62}},"42":{"start":{"line":43,"column":0},"end":{"line":43,"column":28}},"43":{"start":{"line":44,"column":0},"end":{"line":44,"column":10}},"44":{"start":{"line":45,"column":0},"end":{"line":45,"column":8}},"45":{"start":{"line":46,"column":0},"end":{"line":46,"column":0}},"46":{"start":{"line":47,"column":0},"end":{"line":47,"column":12}},"47":{"start":{"line":48,"column":0},"end":{"line":48,"column":222}},"48":{"start":{"line":49,"column":0},"end":{"line":49,"column":54}},"49":{"start":{"line":50,"column":0},"end":{"line":50,"column":11}},"50":{"start":{"line":51,"column":0},"end":{"line":51,"column":7}},"51":{"start":{"line":52,"column":0},"end":{"line":52,"column":75}},"52":{"start":{"line":53,"column":0},"end":{"line":53,"column":66}},"53":{"start":{"line":54,"column":0},"end":{"line":54,"column":37}},"54":{"start":{"line":55,"column":0},"end":{"line":55,"column":96}},"55":{"start":{"line":56,"column":0},"end":{"line":56,"column":95}},"56":{"start":{"line":57,"column":0},"end":{"line":57,"column":40}},"57":{"start":{"line":58,"column":0},"end":{"line":58,"column":103}},"58":{"start":{"line":59,"column":0},"end":{"line":59,"column":41}},"59":{"start":{"line":60,"column":0},"end":{"line":60,"column":73}},"60":{"start":{"line":61,"column":0},"end":{"line":61,"column":22}},"61":{"start":{"line":62,"column":0},"end":{"line":62,"column":16}},"62":{"start":{"line":63,"column":0},"end":{"line":63,"column":18}},"63":{"start":{"line":64,"column":0},"end":{"line":64,"column":19}},"64":{"start":{"line":65,"column":0},"end":{"line":65,"column":27}},"65":{"start":{"line":66,"column":0},"end":{"line":66,"column":48}},"66":{"start":{"line":67,"column":0},"end":{"line":67,"column":32}},"67":{"start":{"line":68,"column":0},"end":{"line":68,"column":142}},"68":{"start":{"line":69,"column":0},"end":{"line":69,"column":13}},"69":{"start":{"line":70,"column":0},"end":{"line":70,"column":29}},"70":{"start":{"line":71,"column":0},"end":{"line":71,"column":21}},"71":{"start":{"line":72,"column":0},"end":{"line":72,"column":16}},"72":{"start":{"line":73,"column":0},"end":{"line":73,"column":14}},"73":{"start":{"line":74,"column":0},"end":{"line":74,"column":62}},"74":{"start":{"line":75,"column":0},"end":{"line":75,"column":53}},"75":{"start":{"line":76,"column":0},"end":{"line":76,"column":20}},"76":{"start":{"line":77,"column":0},"end":{"line":77,"column":22}},"77":{"start":{"line":78,"column":0},"end":{"line":78,"column":21}},"78":{"start":{"line":79,"column":0},"end":{"line":79,"column":32}},"79":{"start":{"line":80,"column":0},"end":{"line":80,"column":42}},"80":{"start":{"line":81,"column":0},"end":{"line":81,"column":92}},"81":{"start":{"line":82,"column":0},"end":{"line":82,"column":26}},"82":{"start":{"line":83,"column":0},"end":{"line":83,"column":99}},"83":{"start":{"line":84,"column":0},"end":{"line":84,"column":96}},"84":{"start":{"line":85,"column":0},"end":{"line":85,"column":18}},"85":{"start":{"line":86,"column":0},"end":{"line":86,"column":15}},"86":{"start":{"line":87,"column":0},"end":{"line":87,"column":13}},"87":{"start":{"line":88,"column":0},"end":{"line":88,"column":32}},"88":{"start":{"line":89,"column":0},"end":{"line":89,"column":21}},"89":{"start":{"line":90,"column":0},"end":{"line":90,"column":22}},"90":{"start":{"line":91,"column":0},"end":{"line":91,"column":13}},"91":{"start":{"line":92,"column":0},"end":{"line":92,"column":14}},"92":{"start":{"line":93,"column":0},"end":{"line":93,"column":14}},"93":{"start":{"line":94,"column":0},"end":{"line":94,"column":7}},"94":{"start":{"line":95,"column":0},"end":{"line":95,"column":4}},"95":{"start":{"line":96,"column":0},"end":{"line":96,"column":1}}},"s":{"0":1,"1":1,"2":1,"3":1,"4":1,"5":1,"6":1,"7":1,"8":1,"9":1,"10":1,"11":1,"12":1,"13":5,"14":5,"15":5,"16":5,"17":5,"18":5,"19":5,"20":5,"21":5,"22":5,"23":5,"24":5,"25":5,"26":5,"27":5,"28":5,"29":5,"30":3,"31":2,"32":1,"33":1,"34":5,"35":5,"36":5,"37":5,"38":5,"39":5,"40":5,"41":5,"42":5,"43":5,"44":5,"45":5,"46":5,"47":5,"48":5,"49":5,"50":5,"51":5,"52":5,"53":5,"54":5,"55":5,"56":5,"57":3,"58":3,"59":3,"60":3,"61":5,"62":5,"63":5,"64":5,"65":5,"66":5,"67":5,"68":5,"69":5,"70":5,"71":5,"72":5,"73":5,"74":5,"75":33,"76":33,"77":33,"78":33,"79":33,"80":33,"81":33,"82":0,"83":33,"84":33,"85":33,"86":33,"87":33,"88":33,"89":33,"90":5,"91":5,"92":5,"93":5,"94":5,"95":5},"branchMap":{"0":{"type":"branch","line":14,"loc":{"start":{"line":14,"column":0},"end":{"line":96,"column":1}},"locations":[{"start":{"line":14,"column":0},"end":{"line":96,"column":1}}]},"1":{"type":"branch","line":30,"loc":{"start":{"line":30,"column":36},"end":{"line":31,"column":16}},"locations":[{"start":{"line":30,"column":36},"end":{"line":31,"column":16}}]},"2":{"type":"branch","line":31,"loc":{"start":{"line":31,"column":6},"end":{"line":34,"column":22}},"locations":[{"start":{"line":31,"column":6},"end":{"line":34,"column":22}}]},"3":{"type":"branch","line":32,"loc":{"start":{"line":32,"column":26},"end":{"line":33,"column":20}},"locations":[{"start":{"line":32,"column":26},"end":{"line":33,"column":20}}]},"4":{"type":"branch","line":33,"loc":{"start":{"line":33,"column":8},"end":{"line":34,"column":22}},"locations":[{"start":{"line":33,"column":8},"end":{"line":34,"column":22}}]},"5":{"type":"branch","line":49,"loc":{"start":{"line":49,"column":17},"end":{"line":49,"column":54}},"locations":[{"start":{"line":49,"column":17},"end":{"line":49,"column":54}}]},"6":{"type":"branch","line":57,"loc":{"start":{"line":57,"column":24},"end":{"line":61,"column":22}},"locations":[{"start":{"line":57,"column":24},"end":{"line":61,"column":22}}]},"7":{"type":"branch","line":27,"loc":{"start":{"line":27,"column":41},"end":{"line":27,"column":74}},"locations":[{"start":{"line":27,"column":41},"end":{"line":27,"column":74}}]},"8":{"type":"branch","line":75,"loc":{"start":{"line":75,"column":21},"end":{"line":90,"column":22}},"locations":[{"start":{"line":75,"column":21},"end":{"line":90,"column":22}}]},"9":{"type":"branch","line":80,"loc":{"start":{"line":80,"column":25},"end":{"line":85,"column":18}},"locations":[{"start":{"line":80,"column":25},"end":{"line":85,"column":18}}]},"10":{"type":"branch","line":82,"loc":{"start":{"line":82,"column":18},"end":{"line":83,"column":99}},"locations":[{"start":{"line":82,"column":18},"end":{"line":83,"column":99}}]}},"b":{"0":[5],"1":[3],"2":[2],"3":[1],"4":[1],"5":[0],"6":[3],"7":[35],"8":[33],"9":[33],"10":[0]},"fnMap":{"0":{"name":"Sidebar","decl":{"start":{"line":14,"column":0},"end":{"line":96,"column":1}},"loc":{"start":{"line":14,"column":0},"end":{"line":96,"column":1}},"line":14},"1":{"name":"className","decl":{"start":{"line":80,"column":25},"end":{"line":85,"column":18}},"loc":{"start":{"line":80,"column":25},"end":{"line":85,"column":18}},"line":80}},"f":{"0":5,"1":33}}
,"C:\\Sistema-de-Gestao-de-Estoque\\frontend\\src\\contexts\\AuthContext.tsx": {"path":"C:\\Sistema-de-Gestao-de-Estoque\\frontend\\src\\contexts\\AuthContext.tsx","all":false,"statementMap":{"0":{"start":{"line":1,"column":0},"end":{"line":1,"column":82}},"1":{"start":{"line":2,"column":0},"end":{"line":2,"column":38}},"2":{"start":{"line":3,"column":0},"end":{"line":3,"column":62}},"3":{"start":{"line":4,"column":0},"end":{"line":4,"column":0}},"4":{"start":{"line":5,"column":0},"end":{"line":5,"column":27}},"5":{"start":{"line":6,"column":0},"end":{"line":6,"column":26}},"6":{"start":{"line":7,"column":0},"end":{"line":7,"column":19}},"7":{"start":{"line":8,"column":0},"end":{"line":8,"column":21}},"8":{"start":{"line":9,"column":0},"end":{"line":9,"column":28}},"9":{"start":{"line":10,"column":0},"end":{"line":10,"column":23}},"10":{"start":{"line":11,"column":0},"end":{"line":11,"column":93}},"11":{"start":{"line":12,"column":0},"end":{"line":12,"column":96}},"12":{"start":{"line":13,"column":0},"end":{"line":13,"column":21}},"13":{"start":{"line":14,"column":0},"end":{"line":14,"column":1}},"14":{"start":{"line":15,"column":0},"end":{"line":15,"column":0}},"15":{"start":{"line":16,"column":0},"end":{"line":16,"column":74}},"16":{"start":{"line":17,"column":0},"end":{"line":17,"column":32}},"17":{"start":{"line":18,"column":0},"end":{"line":18,"column":0}},"18":{"start":{"line":19,"column":0},"end":{"line":19,"column":69}},"19":{"start":{"line":20,"column":0},"end":{"line":20,"column":64}},"20":{"start":{"line":21,"column":0},"end":{"line":21,"column":52}},"21":{"start":{"line":22,"column":0},"end":{"line":22,"column":40}},"22":{"start":{"line":23,"column":0},"end":{"line":23,"column":5}},"23":{"start":{"line":24,"column":0},"end":{"line":24,"column":0}},"24":{"start":{"line":25,"column":0},"end":{"line":25,"column":19}},"25":{"start":{"line":26,"column":0},"end":{"line":26,"column":52}},"26":{"start":{"line":27,"column":0},"end":{"line":27,"column":41}},"27":{"start":{"line":28,"column":0},"end":{"line":28,"column":9}},"28":{"start":{"line":29,"column":0},"end":{"line":29,"column":0}},"29":{"start":{"line":30,"column":0},"end":{"line":30,"column":30}},"30":{"start":{"line":31,"column":0},"end":{"line":31,"column":43}},"31":{"start":{"line":32,"column":0},"end":{"line":32,"column":44}},"32":{"start":{"line":33,"column":0},"end":{"line":33,"column":43}},"33":{"start":{"line":34,"column":0},"end":{"line":34,"column":21}},"34":{"start":{"line":35,"column":0},"end":{"line":35,"column":4}},"35":{"start":{"line":36,"column":0},"end":{"line":36,"column":0}},"36":{"start":{"line":37,"column":0},"end":{"line":37,"column":56}},"37":{"start":{"line":38,"column":0},"end":{"line":38,"column":45}},"38":{"start":{"line":39,"column":0},"end":{"line":39,"column":13}},"39":{"start":{"line":40,"column":0},"end":{"line":40,"column":5}},"40":{"start":{"line":41,"column":0},"end":{"line":41,"column":0}},"41":{"start":{"line":42,"column":0},"end":{"line":42,"column":58}},"42":{"start":{"line":43,"column":0},"end":{"line":43,"column":83}},"43":{"start":{"line":44,"column":0},"end":{"line":44,"column":70}},"44":{"start":{"line":45,"column":0},"end":{"line":45,"column":29}},"45":{"start":{"line":46,"column":0},"end":{"line":46,"column":4}},"46":{"start":{"line":47,"column":0},"end":{"line":47,"column":0}},"47":{"start":{"line":48,"column":0},"end":{"line":48,"column":77}},"48":{"start":{"line":49,"column":0},"end":{"line":49,"column":93}},"49":{"start":{"line":50,"column":0},"end":{"line":50,"column":86}},"50":{"start":{"line":51,"column":0},"end":{"line":51,"column":0}},"51":{"start":{"line":52,"column":0},"end":{"line":52,"column":43}},"52":{"start":{"line":53,"column":0},"end":{"line":53,"column":25}},"53":{"start":{"line":54,"column":0},"end":{"line":54,"column":5}},"54":{"start":{"line":55,"column":0},"end":{"line":55,"column":0}},"55":{"start":{"line":56,"column":0},"end":{"line":56,"column":16}},"56":{"start":{"line":57,"column":0},"end":{"line":57,"column":4}},"57":{"start":{"line":58,"column":0},"end":{"line":58,"column":0}},"58":{"start":{"line":59,"column":0},"end":{"line":59,"column":96}},"59":{"start":{"line":60,"column":0},"end":{"line":60,"column":78}},"60":{"start":{"line":61,"column":0},"end":{"line":61,"column":19}},"61":{"start":{"line":62,"column":0},"end":{"line":62,"column":4}},"62":{"start":{"line":63,"column":0},"end":{"line":63,"column":0}},"63":{"start":{"line":64,"column":0},"end":{"line":64,"column":24}},"64":{"start":{"line":65,"column":0},"end":{"line":65,"column":19}},"65":{"start":{"line":66,"column":0},"end":{"line":66,"column":4}},"66":{"start":{"line":67,"column":0},"end":{"line":67,"column":0}},"67":{"start":{"line":68,"column":0},"end":{"line":68,"column":10}},"68":{"start":{"line":69,"column":0},"end":{"line":69,"column":34}},"69":{"start":{"line":70,"column":0},"end":{"line":70,"column":14}},"70":{"start":{"line":71,"column":0},"end":{"line":71,"column":43}},"71":{"start":{"line":72,"column":0},"end":{"line":72,"column":47}},"72":{"start":{"line":73,"column":0},"end":{"line":73,"column":85}},"73":{"start":{"line":74,"column":0},"end":{"line":74,"column":29}},"74":{"start":{"line":75,"column":0},"end":{"line":75,"column":12}},"75":{"start":{"line":76,"column":0},"end":{"line":76,"column":16}},"76":{"start":{"line":77,"column":0},"end":{"line":77,"column":13}},"77":{"start":{"line":78,"column":0},"end":{"line":78,"column":7}},"78":{"start":{"line":79,"column":0},"end":{"line":79,"column":16}},"79":{"start":{"line":80,"column":0},"end":{"line":80,"column":27}},"80":{"start":{"line":81,"column":0},"end":{"line":81,"column":4}},"81":{"start":{"line":82,"column":0},"end":{"line":82,"column":1}},"82":{"start":{"line":83,"column":0},"end":{"line":83,"column":0}},"83":{"start":{"line":84,"column":0},"end":{"line":84,"column":27}},"84":{"start":{"line":85,"column":0},"end":{"line":85,"column":42}},"85":{"start":{"line":86,"column":0},"end":{"line":86,"column":17}},"86":{"start":{"line":87,"column":0},"end":{"line":87,"column":64}},"87":{"start":{"line":88,"column":0},"end":{"line":88,"column":3}},"88":{"start":{"line":89,"column":0},"end":{"line":89,"column":17}},"89":{"start":{"line":90,"column":0},"end":{"line":90,"column":1}}},"s":{"0":1,"1":1,"2":1,"3":1,"4":1,"5":1,"6":1,"7":1,"8":1,"9":1,"10":1,"11":1,"12":1,"13":1,"14":1,"15":1,"16":1,"17":1,"18":1,"19":15,"20":7,"21":7,"22":15,"23":15,"24":15,"25":7,"26":7,"27":15,"28":15,"29":15,"30":2,"31":2,"32":2,"33":2,"34":2,"35":15,"36":15,"37":2,"38":0,"39":0,"40":2,"41":2,"42":2,"43":2,"44":2,"45":2,"46":15,"47":15,"48":3,"49":3,"50":3,"51":3,"52":2,"53":2,"54":3,"55":3,"56":3,"57":15,"58":15,"59":1,"60":1,"61":1,"62":15,"63":15,"64":1,"65":1,"66":15,"67":15,"68":15,"69":15,"70":15,"71":15,"72":15,"73":15,"74":15,"75":15,"76":15,"77":15,"78":15,"79":15,"80":15,"81":15,"82":1,"83":1,"84":19,"85":19,"86":4,"87":4,"88":14,"89":14},"branchMap":{"0":{"type":"branch","line":19,"loc":{"start":{"line":19,"column":7},"end":{"line":82,"column":1}},"locations":[{"start":{"line":19,"column":7},"end":{"line":82,"column":1}}]},"1":{"type":"branch","line":71,"loc":{"start":{"line":71,"column":15},"end":{"line":71,"column":35}},"locations":[{"start":{"line":71,"column":15},"end":{"line":71,"column":35}}]},"2":{"type":"branch","line":72,"loc":{"start":{"line":72,"column":17},"end":{"line":72,"column":37}},"locations":[{"start":{"line":72,"column":17},"end":{"line":72,"column":37}}]},"3":{"type":"branch","line":73,"loc":{"start":{"line":73,"column":24},"end":{"line":73,"column":44}},"locations":[{"start":{"line":73,"column":24},"end":{"line":73,"column":44}}]},"4":{"type":"branch","line":73,"loc":{"start":{"line":73,"column":44},"end":{"line":73,"column":85}},"locations":[{"start":{"line":73,"column":44},"end":{"line":73,"column":85}}]},"5":{"type":"branch","line":73,"loc":{"start":{"line":73,"column":55},"end":{"line":73,"column":75}},"locations":[{"start":{"line":73,"column":55},"end":{"line":73,"column":75}}]},"6":{"type":"branch","line":20,"loc":{"start":{"line":20,"column":57},"end":{"line":23,"column":3}},"locations":[{"start":{"line":20,"column":57},"end":{"line":23,"column":3}}]},"7":{"type":"branch","line":22,"loc":{"start":{"line":22,"column":11},"end":{"line":22,"column":35}},"locations":[{"start":{"line":22,"column":11},"end":{"line":22,"column":35}}]},"8":{"type":"branch","line":22,"loc":{"start":{"line":22,"column":31},"end":{"line":22,"column":40}},"locations":[{"start":{"line":22,"column":31},"end":{"line":22,"column":40}}]},"9":{"type":"branch","line":25,"loc":{"start":{"line":25,"column":12},"end":{"line":28,"column":5}},"locations":[{"start":{"line":25,"column":12},"end":{"line":28,"column":5}}]},"10":{"type":"branch","line":27,"loc":{"start":{"line":27,"column":13},"end":{"line":27,"column":41}},"locations":[{"start":{"line":27,"column":13},"end":{"line":27,"column":41}}]},"11":{"type":"branch","line":30,"loc":{"start":{"line":30,"column":23},"end":{"line":35,"column":4}},"locations":[{"start":{"line":30,"column":23},"end":{"line":35,"column":4}}]},"12":{"type":"branch","line":37,"loc":{"start":{"line":37,"column":23},"end":{"line":46,"column":4}},"locations":[{"start":{"line":37,"column":23},"end":{"line":46,"column":4}}]},"13":{"type":"branch","line":38,"loc":{"start":{"line":38,"column":44},"end":{"line":40,"column":5}},"locations":[{"start":{"line":38,"column":44},"end":{"line":40,"column":5}}]},"14":{"type":"branch","line":43,"loc":{"start":{"line":43,"column":27},"end":{"line":43,"column":83}},"locations":[{"start":{"line":43,"column":27},"end":{"line":43,"column":83}}]},"15":{"type":"branch","line":48,"loc":{"start":{"line":48,"column":16},"end":{"line":57,"column":4}},"locations":[{"start":{"line":48,"column":16},"end":{"line":57,"column":4}}]},"16":{"type":"branch","line":49,"loc":{"start":{"line":49,"column":34},"end":{"line":49,"column":76}},"locations":[{"start":{"line":49,"column":34},"end":{"line":49,"column":76}}]},"17":{"type":"branch","line":49,"loc":{"start":{"line":49,"column":72},"end":{"line":49,"column":93}},"locations":[{"start":{"line":49,"column":72},"end":{"line":49,"column":93}}]},"18":{"type":"branch","line":52,"loc":{"start":{"line":52,"column":13},"end":{"line":52,"column":42}},"locations":[{"start":{"line":52,"column":13},"end":{"line":52,"column":42}}]},"19":{"type":"branch","line":52,"loc":{"start":{"line":52,"column":42},"end":{"line":54,"column":5}},"locations":[{"start":{"line":52,"column":42},"end":{"line":54,"column":5}}]},"20":{"type":"branch","line":59,"loc":{"start":{"line":59,"column":20},"end":{"line":62,"column":4}},"locations":[{"start":{"line":59,"column":20},"end":{"line":62,"column":4}}]},"21":{"type":"branch","line":64,"loc":{"start":{"line":64,"column":17},"end":{"line":66,"column":4}},"locations":[{"start":{"line":64,"column":17},"end":{"line":66,"column":4}}]},"22":{"type":"branch","line":84,"loc":{"start":{"line":84,"column":7},"end":{"line":90,"column":1}},"locations":[{"start":{"line":84,"column":7},"end":{"line":90,"column":1}}]},"23":{"type":"branch","line":86,"loc":{"start":{"line":86,"column":16},"end":{"line":88,"column":3}},"locations":[{"start":{"line":86,"column":16},"end":{"line":88,"column":3}}]},"24":{"type":"branch","line":88,"loc":{"start":{"line":88,"column":2},"end":{"line":90,"column":1}},"locations":[{"start":{"line":88,"column":2},"end":{"line":90,"column":1}}]}},"b":{"0":[15],"1":[8],"2":[8],"3":[8],"4":[13],"5":[7],"6":[7],"7":[3],"8":[4],"9":[7],"10":[3],"11":[2],"12":[2],"13":[0],"14":[1],"15":[3],"16":[1],"17":[2],"18":[2],"19":[2],"20":[1],"21":[1],"22":[19],"23":[4],"24":[14]},"fnMap":{"0":{"name":"AuthProvider","decl":{"start":{"line":19,"column":7},"end":{"line":82,"column":1}},"loc":{"start":{"line":19,"column":7},"end":{"line":82,"column":1}},"line":19},"1":{"name":"limparSessao","decl":{"start":{"line":30,"column":23},"end":{"line":35,"column":4}},"loc":{"start":{"line":30,"column":23},"end":{"line":35,"column":4}},"line":30},"2":{"name":"salvarSessao","decl":{"start":{"line":37,"column":23},"end":{"line":46,"column":4}},"loc":{"start":{"line":37,"column":23},"end":{"line":46,"column":4}},"line":37},"3":{"name":"login","decl":{"start":{"line":48,"column":16},"end":{"line":57,"column":4}},"loc":{"start":{"line":48,"column":16},"end":{"line":57,"column":4}},"line":48},"4":{"name":"cadastrar","decl":{"start":{"line":59,"column":20},"end":{"line":62,"column":4}},"loc":{"start":{"line":59,"column":20},"end":{"line":62,"column":4}},"line":59},"5":{"name":"logout","decl":{"start":{"line":64,"column":17},"end":{"line":66,"column":4}},"loc":{"start":{"line":64,"column":17},"end":{"line":66,"column":4}},"line":64},"6":{"name":"useAuth","decl":{"start":{"line":84,"column":7},"end":{"line":90,"column":1}},"loc":{"start":{"line":84,"column":7},"end":{"line":90,"column":1}},"line":84}},"f":{"0":15,"1":2,"2":2,"3":3,"4":1,"5":1,"6":19}}
,"C:\\Sistema-de-Gestao-de-Estoque\\frontend\\src\\contexts\\ThemeContext.tsx": {"path":"C:\\Sistema-de-Gestao-de-Estoque\\frontend\\src\\contexts\\ThemeContext.tsx","all":false,"statementMap":{"0":{"start":{"line":1,"column":0},"end":{"line":1,"column":83}},"1":{"start":{"line":2,"column":0},"end":{"line":2,"column":0}},"2":{"start":{"line":3,"column":0},"end":{"line":3,"column":30}},"3":{"start":{"line":4,"column":0},"end":{"line":4,"column":0}},"4":{"start":{"line":5,"column":0},"end":{"line":5,"column":28}},"5":{"start":{"line":6,"column":0},"end":{"line":6,"column":15}},"6":{"start":{"line":7,"column":0},"end":{"line":7,"column":26}},"7":{"start":{"line":8,"column":0},"end":{"line":8,"column":1}},"8":{"start":{"line":9,"column":0},"end":{"line":9,"column":0}},"9":{"start":{"line":10,"column":0},"end":{"line":10,"column":76}},"10":{"start":{"line":11,"column":0},"end":{"line":11,"column":0}},"11":{"start":{"line":12,"column":0},"end":{"line":12,"column":70}},"12":{"start":{"line":13,"column":0},"end":{"line":13,"column":51}},"13":{"start":{"line":14,"column":0},"end":{"line":14,"column":58}},"14":{"start":{"line":15,"column":0},"end":{"line":15,"column":30}},"15":{"start":{"line":16,"column":0},"end":{"line":16,"column":88}},"16":{"start":{"line":17,"column":0},"end":{"line":17,"column":5}},"17":{"start":{"line":18,"column":0},"end":{"line":18,"column":0}},"18":{"start":{"line":19,"column":0},"end":{"line":19,"column":19}},"19":{"start":{"line":20,"column":0},"end":{"line":20,"column":49}},"20":{"start":{"line":21,"column":0},"end":{"line":21,"column":43}},"21":{"start":{"line":22,"column":0},"end":{"line":22,"column":30}},"22":{"start":{"line":23,"column":0},"end":{"line":23,"column":41}},"23":{"start":{"line":24,"column":0},"end":{"line":24,"column":14}},"24":{"start":{"line":25,"column":0},"end":{"line":25,"column":0}},"25":{"start":{"line":26,"column":0},"end":{"line":26,"column":84}},"26":{"start":{"line":27,"column":0},"end":{"line":27,"column":0}},"27":{"start":{"line":28,"column":0},"end":{"line":28,"column":10}},"28":{"start":{"line":29,"column":0},"end":{"line":29,"column":58}},"29":{"start":{"line":30,"column":0},"end":{"line":30,"column":16}},"30":{"start":{"line":31,"column":0},"end":{"line":31,"column":28}},"31":{"start":{"line":32,"column":0},"end":{"line":32,"column":4}},"32":{"start":{"line":33,"column":0},"end":{"line":33,"column":1}},"33":{"start":{"line":34,"column":0},"end":{"line":34,"column":0}},"34":{"start":{"line":35,"column":0},"end":{"line":35,"column":28}},"35":{"start":{"line":36,"column":0},"end":{"line":36,"column":43}},"36":{"start":{"line":37,"column":0},"end":{"line":37,"column":78}},"37":{"start":{"line":38,"column":0},"end":{"line":38,"column":17}},"38":{"start":{"line":39,"column":0},"end":{"line":39,"column":1}}},"s":{"0":1,"1":1,"2":1,"3":1,"4":1,"5":1,"6":1,"7":1,"8":1,"9":1,"10":1,"11":1,"12":22,"13":15,"14":15,"15":15,"16":22,"17":22,"18":22,"19":19,"20":19,"21":19,"22":19,"23":22,"24":22,"25":22,"26":22,"27":22,"28":22,"29":22,"30":22,"31":22,"32":22,"33":1,"34":1,"35":50,"36":50,"37":45,"38":45},"branchMap":{"0":{"type":"branch","line":12,"loc":{"start":{"line":12,"column":7},"end":{"line":33,"column":1}},"locations":[{"start":{"line":12,"column":7},"end":{"line":33,"column":1}}]},"1":{"type":"branch","line":13,"loc":{"start":{"line":13,"column":44},"end":{"line":17,"column":3}},"locations":[{"start":{"line":13,"column":44},"end":{"line":17,"column":3}}]},"2":{"type":"branch","line":15,"loc":{"start":{"line":15,"column":16},"end":{"line":15,"column":30}},"locations":[{"start":{"line":15,"column":16},"end":{"line":15,"column":30}}]},"3":{"type":"branch","line":15,"loc":{"start":{"line":15,"column":23},"end":{"line":16,"column":71}},"locations":[{"start":{"line":15,"column":23},"end":{"line":16,"column":71}}]},"4":{"type":"branch","line":16,"loc":{"start":{"line":16,"column":61},"end":{"line":16,"column":80}},"locations":[{"start":{"line":16,"column":61},"end":{"line":16,"column":80}}]},"5":{"type":"branch","line":16,"loc":{"start":{"line":16,"column":71},"end":{"line":16,"column":88}},"locations":[{"start":{"line":16,"column":71},"end":{"line":16,"column":88}}]},"6":{"type":"branch","line":19,"loc":{"start":{"line":19,"column":12},"end":{"line":24,"column":5}},"locations":[{"start":{"line":19,"column":12},"end":{"line":24,"column":5}}]},"7":{"type":"branch","line":26,"loc":{"start":{"line":26,"column":22},"end":{"line":26,"column":84}},"locations":[{"start":{"line":26,"column":22},"end":{"line":26,"column":84}}]},"8":{"type":"branch","line":26,"loc":{"start":{"line":26,"column":37},"end":{"line":26,"column":82}},"locations":[{"start":{"line":26,"column":37},"end":{"line":26,"column":82}}]},"9":{"type":"branch","line":26,"loc":{"start":{"line":26,"column":55},"end":{"line":26,"column":74}},"locations":[{"start":{"line":26,"column":55},"end":{"line":26,"column":74}}]},"10":{"type":"branch","line":26,"loc":{"start":{"line":26,"column":65},"end":{"line":26,"column":82}},"locations":[{"start":{"line":26,"column":65},"end":{"line":26,"column":82}}]},"11":{"type":"branch","line":35,"loc":{"start":{"line":35,"column":7},"end":{"line":39,"column":1}},"locations":[{"start":{"line":35,"column":7},"end":{"line":39,"column":1}}]},"12":{"type":"branch","line":37,"loc":{"start":{"line":37,"column":16},"end":{"line":37,"column":78}},"locations":[{"start":{"line":37,"column":16},"end":{"line":37,"column":78}}]},"13":{"type":"branch","line":37,"loc":{"start":{"line":37,"column":76},"end":{"line":39,"column":1}},"locations":[{"start":{"line":37,"column":76},"end":{"line":39,"column":1}}]}},"b":{"0":[22],"1":[15],"2":[1],"3":[14],"4":[0],"5":[14],"6":[19],"7":[4],"8":[4],"9":[3],"10":[1],"11":[50],"12":[4],"13":[45]},"fnMap":{"0":{"name":"ThemeProvider","decl":{"start":{"line":12,"column":7},"end":{"line":33,"column":1}},"loc":{"start":{"line":12,"column":7},"end":{"line":33,"column":1}},"line":12},"1":{"name":"toggleTheme","decl":{"start":{"line":26,"column":22},"end":{"line":26,"column":84}},"loc":{"start":{"line":26,"column":22},"end":{"line":26,"column":84}},"line":26},"2":{"name":"useTheme","decl":{"start":{"line":35,"column":7},"end":{"line":39,"column":1}},"loc":{"start":{"line":35,"column":7},"end":{"line":39,"column":1}},"line":35}},"f":{"0":22,"1":4,"2":50}}
,"C:\\Sistema-de-Gestao-de-Estoque\\frontend\\src\\hooks\\useWebSocket.ts": {"path":"C:\\Sistema-de-Gestao-de-Estoque\\frontend\\src\\hooks\\useWebSocket.ts","all":true,"statementMap":{"0":{"start":{"line":1,"column":0},"end":{"line":1,"column":42}},"1":{"start":{"line":2,"column":0},"end":{"line":2,"column":40}},"2":{"start":{"line":3,"column":0},"end":{"line":3,"column":36}},"3":{"start":{"line":4,"column":0},"end":{"line":4,"column":0}},"4":{"start":{"line":5,"column":0},"end":{"line":5,"column":32}},"5":{"start":{"line":6,"column":0},"end":{"line":6,"column":48}},"6":{"start":{"line":7,"column":0},"end":{"line":7,"column":0}},"7":{"start":{"line":8,"column":0},"end":{"line":8,"column":19}},"8":{"start":{"line":9,"column":0},"end":{"line":9,"column":54}},"9":{"start":{"line":10,"column":0},"end":{"line":10,"column":23}},"10":{"start":{"line":11,"column":0},"end":{"line":11,"column":0}},"11":{"start":{"line":12,"column":0},"end":{"line":12,"column":21}},"12":{"start":{"line":13,"column":0},"end":{"line":13,"column":0}},"13":{"start":{"line":14,"column":0},"end":{"line":14,"column":34}},"14":{"start":{"line":15,"column":0},"end":{"line":15,"column":11}},"15":{"start":{"line":16,"column":0},"end":{"line":16,"column":59}},"16":{"start":{"line":17,"column":0},"end":{"line":17,"column":27}},"17":{"start":{"line":18,"column":0},"end":{"line":18,"column":0}},"18":{"start":{"line":19,"column":0},"end":{"line":19,"column":44}},"19":{"start":{"line":20,"column":0},"end":{"line":20,"column":83}},"20":{"start":{"line":21,"column":0},"end":{"line":21,"column":0}},"21":{"start":{"line":22,"column":0},"end":{"line":22,"column":35}},"22":{"start":{"line":23,"column":0},"end":{"line":23,"column":31}},"23":{"start":{"line":24,"column":0},"end":{"line":24,"column":27}},"24":{"start":{"line":25,"column":0},"end":{"line":25,"column":45}},"25":{"start":{"line":26,"column":0},"end":{"line":26,"column":12}},"26":{"start":{"line":27,"column":0},"end":{"line":27,"column":55}},"27":{"start":{"line":28,"column":0},"end":{"line":28,"column":31}},"28":{"start":{"line":29,"column":0},"end":{"line":29,"column":35}},"29":{"start":{"line":30,"column":0},"end":{"line":30,"column":35}},"30":{"start":{"line":31,"column":0},"end":{"line":31,"column":11}},"31":{"start":{"line":32,"column":0},"end":{"line":32,"column":0}},"32":{"start":{"line":33,"column":0},"end":{"line":33,"column":34}},"33":{"start":{"line":34,"column":0},"end":{"line":34,"column":61}},"34":{"start":{"line":35,"column":0},"end":{"line":35,"column":33}},"35":{"start":{"line":36,"column":0},"end":{"line":36,"column":35}},"36":{"start":{"line":37,"column":0},"end":{"line":37,"column":29}},"37":{"start":{"line":38,"column":0},"end":{"line":38,"column":22}},"38":{"start":{"line":39,"column":0},"end":{"line":39,"column":38}},"39":{"start":{"line":40,"column":0},"end":{"line":40,"column":33}},"40":{"start":{"line":41,"column":0},"end":{"line":41,"column":44}},"41":{"start":{"line":42,"column":0},"end":{"line":42,"column":16}},"42":{"start":{"line":43,"column":0},"end":{"line":43,"column":15}},"43":{"start":{"line":44,"column":0},"end":{"line":44,"column":13}},"44":{"start":{"line":45,"column":0},"end":{"line":45,"column":10}},"45":{"start":{"line":46,"column":0},"end":{"line":46,"column":0}},"46":{"start":{"line":47,"column":0},"end":{"line":47,"column":42}},"47":{"start":{"line":48,"column":0},"end":{"line":48,"column":73}},"48":{"start":{"line":49,"column":0},"end":{"line":49,"column":10}},"49":{"start":{"line":50,"column":0},"end":{"line":50,"column":0}},"50":{"start":{"line":51,"column":0},"end":{"line":51,"column":46}},"51":{"start":{"line":52,"column":0},"end":{"line":52,"column":62}},"52":{"start":{"line":53,"column":0},"end":{"line":53,"column":10}},"53":{"start":{"line":54,"column":0},"end":{"line":54,"column":0}},"54":{"start":{"line":55,"column":0},"end":{"line":55,"column":26}},"55":{"start":{"line":56,"column":0},"end":{"line":56,"column":35}},"56":{"start":{"line":57,"column":0},"end":{"line":57,"column":23}},"57":{"start":{"line":58,"column":0},"end":{"line":58,"column":63}},"58":{"start":{"line":59,"column":0},"end":{"line":59,"column":7}},"59":{"start":{"line":60,"column":0},"end":{"line":60,"column":6}},"60":{"start":{"line":61,"column":0},"end":{"line":61,"column":0}},"61":{"start":{"line":62,"column":0},"end":{"line":62,"column":20}},"62":{"start":{"line":63,"column":0},"end":{"line":63,"column":0}},"63":{"start":{"line":64,"column":0},"end":{"line":64,"column":18}},"64":{"start":{"line":65,"column":0},"end":{"line":65,"column":20}},"65":{"start":{"line":66,"column":0},"end":{"line":66,"column
[...]
4":3,"195":3,"196":3,"197":3,"198":3,"199":3,"200":3,"201":3,"202":3,"203":3,"204":3,"205":3,"206":3,"207":3,"208":3,"209":3,"210":3,"211":3,"212":3,"213":6,"214":6,"215":6,"216":6,"217":1,"218":1,"219":1,"220":1,"221":1,"222":1,"223":1,"224":1,"225":1,"226":1,"227":1,"228":1,"229":1,"230":1,"231":1,"232":1,"233":1,"234":1,"235":1,"236":1,"237":1,"238":1,"239":1,"240":1,"241":1,"242":1,"243":1,"244":1,"245":1,"246":1,"247":1,"248":1,"249":1,"250":1,"251":1,"252":1,"253":1,"254":1,"255":1,"256":1,"257":1,"258":1,"259":1,"260":1,"261":1,"262":1,"263":1,"264":1,"265":1,"266":1,"267":1,"268":1,"269":1,"270":1,"271":1,"272":1,"273":1,"274":1,"275":1,"276":1,"277":1,"278":1,"279":1,"280":1,"281":1,"282":1,"283":1,"284":1,"285":1,"286":1,"287":1,"288":1,"289":1,"290":1,"291":6,"292":6,"293":6,"294":0,"295":0,"296":0,"297":0,"298":0,"299":0,"300":0,"301":0,"302":0,"303":0,"304":0,"305":0,"306":0,"307":0,"308":0,"309":0,"310":0,"311":0,"312":0,"313":0,"314":0,"315":0,"316":0,"317":0,"318":0,"319":0,"320":0,"321":0,"322":0,"323":0,"324":0,"325":0,"326":0,"327":0,"328":0,"329":0,"330":0,"331":0,"332":0,"333":0,"334":0,"335":0,"336":0,"337":0,"338":0,"339":0,"340":0,"341":0,"342":0,"343":0,"344":0,"345":0,"346":0,"347":0,"348":0,"349":0,"350":0,"351":0,"352":0,"353":0,"354":0,"355":0,"356":0,"357":0,"358":0,"359":0,"360":0,"361":0,"362":0,"363":0,"364":0,"365":0,"366":6,"367":6,"368":6,"369":0,"370":0,"371":0,"372":0,"373":0,"374":0,"375":0,"376":0,"377":0,"378":0,"379":0,"380":0,"381":0,"382":0,"383":0,"384":0,"385":0,"386":0,"387":0,"388":0,"389":0,"390":0,"391":0,"392":0,"393":0,"394":0,"395":0,"396":0,"397":6,"398":6,"399":6,"400":6},"branchMap":{"0":{"type":"branch","line":16,"loc":{"start":{"line":16,"column":22},"end":{"line":20,"column":2}},"locations":[{"start":{"line":16,"column":22},"end":{"line":20,"column":2}}]},"1":{"type":"branch","line":18,"loc":{"start":{"line":18,"column":12},"end":{"line":18,"column":24}},"locations":[{"start":{"line":18,"column":12},"end":{"line":18,"column":24}}]},"2":{"type":"branch","line":19,"loc":{"start":{"line":19,"column":31},"end":{"line":19,"column":43}},"locations":[{"start":{"line":19,"column":31},"end":{"line":19,"column":43}}]},"3":{"type":"branch","line":19,"loc":{"start":{"line":19,"column":43},"end":{"line":19,"column":67}},"locations":[{"start":{"line":19,"column":43},"end":{"line":19,"column":67}}]},"4":{"type":"branch","line":39,"loc":{"start":{"line":39,"column":0},"end":{"line":401,"column":1}},"locations":[{"start":{"line":39,"column":0},"end":{"line":401,"column":1}}]},"5":{"type":"branch","line":153,"loc":{"start":{"line":153,"column":9},"end":{"line":154,"column":104}},"locations":[{"start":{"line":153,"column":9},"end":{"line":154,"column":104}}]},"6":{"type":"branch","line":154,"loc":{"start":{"line":154,"column":98},"end":{"line":213,"column":18}},"locations":[{"start":{"line":154,"column":98},"end":{"line":213,"column":18}}]},"7":{"type":"branch","line":155,"loc":{"start":{"line":155,"column":32},"end":{"line":156,"column":101}},"locations":[{"start":{"line":155,"column":32},"end":{"line":156,"column":101}}]},"8":{"type":"branch","line":217,"loc":{"start":{"line":217,"column":7},"end":{"line":291,"column":14}},"locations":[{"start":{"line":217,"column":7},"end":{"line":291,"column":14}}]},"9":{"type":"branch","line":253,"loc":{"start":{"line":253,"column":26},"end":{"line":253,"column":55}},"locations":[{"start":{"line":253,"column":26},"end":{"line":253,"column":55}}]},"10":{"type":"branch","line":265,"loc":{"start":{"line":265,"column":21},"end":{"line":265,"column":64}},"locations":[{"start":{"line":265,"column":21},"end":{"line":265,"column":64}}]},"11":{"type":"branch","line":286,"loc":{"start":{"line":286,"column":19},"end":{"line":286,"column":51}},"locations":[{"start":{"line":286,"column":19},"end":{"line":286,"column":51}}]},"12":{"type":"branch","line":294,"loc":{"start":{"line":294,"column":7},"end":{"line":366,"column":14}},"locations":[{"start":{"line":294,"column":7},"end":{"line":366,"column":14}}]},"13":{"type":"branch","line":369,"loc":{"start":{"line":369,"column":7},"end":{"line":397,"column":14}},"locations":[{"start":{"line":369,"column":7},"end":{"line":397,"column":14}}]},"14":{"type":"branch","line":54,"loc":{"start":{"line":54,"column":31},"end":{"line":58,"column":6}},"locations":[{"start":{"line":54,"column":31},"end":{"line":58,"column":6}}]},"15":{"type":"branch","line":60,"loc":{"start":{"line":60,"column":19},"end":{"line":70,"column":4}},"locations":[{"start":{"line":60,"column":19},"end":{"line":70,"column":4}}]},"16":{"type":"branch","line":65,"loc":{"start":{"line":65,"column":4},"end":{"line":67,"column":6}},"locations":[{"start":{"line":65,"column":4},"end":{"line":67,"column":6}}]},"17":{"type":"branch","line":72,"loc":{"start":{"line":72,"column":12},"end":{"line":72,"column":35}},"locations":[{"start":{"line":72,"column":12},"end":{"line":72,"column":35}}]},"18":{"type":"branch","line":74,"loc":{"start":{"line":74,"column":21},"end":{"line":78,"column":4}},"locations":[{"start":{"line":74,"column":21},"end":{"line":78,"column":4}}]},"19":{"type":"branch","line":169,"loc":{"start":{"line":169,"column":28},"end":{"line":211,"column":15}},"locations":[{"start":{"line":169,"column":28},"end":{"line":211,"column":15}}]},"20":{"type":"branch","line":184,"loc":{"start":{"line":184,"column":128},"end":{"line":184,"column":263}},"locations":[{"start":{"line":184,"column":128},"end":{"line":184,"column":263}}]},"21":{"type":"branch","line":185,"loc":{"start":{"line":185,"column":56},"end":{"line":185,"column":81}},"locations":[{"start":{"line":185,"column":56},"end":{"line":185,"column":81}}]},"22":{"type":"branch","line":186,"loc":{"start":{"line":186,"column":51},"end":{"line":186,"column":75}},"locations":[{"start":{"line":186,"column":51},"end":{"line":186,"column":75}}]},"23":{"type":"branch","line":201,"loc":{"start":{"line":201,"column":84},"end":{"line":201,"column":243}},"locations":[{"start":{"line":201,"column":84},"end":{"line":201,"column":243}}]},"24":{"type":"branch","line":202,"loc":{"start":{"line":202,"column":71},"end":{"line":202,"column":101}},"locations":[{"start":{"line":202,"column":71},"end":{"line":202,"column":101}}]},"25":{"type":"branch","line":204,"loc":{"start":{"line":204,"column":56},"end":{"line":204,"column":85}},"locations":[{"start":{"line":204,"column":56},"end":{"line":204,"column":85}}]}},"b":{"0":[5],"1":[0],"2":[0],"3":[0],"4":[6],"5":[2],"6":[3],"7":[0],"8":[1],"9":[0],"10":[0],"11":[0],"12":[0],"13":[0],"14":[2],"15":[2],"16":[0],"17":[2],"18":[1],"19":[3],"20":[0],"21":[0],"22":[0],"23":[0],"24":[0],"25":[0]},"fnMap":{"0":{"name":"usuarioLogado","decl":{"start":{"line":16,"column":22},"end":{"line":20,"column":2}},"loc":{"start":{"line":16,"column":22},"end":{"line":20,"column":2}},"line":16},"1":{"name":"UsuariosPage","decl":{"start":{"line":39,"column":0},"end":{"line":401,"column":1}},"loc":{"start":{"line":39,"column":0},"end":{"line":401,"column":1}},"line":39},"2":{"name":"carregar","decl":{"start":{"line":60,"column":19},"end":{"line":70,"column":4}},"loc":{"start":{"line":60,"column":19},"end":{"line":70,"column":4}},"line":60},"3":{"name":"abrirCriar","decl":{"start":{"line":74,"column":21},"end":{"line":78,"column":4}},"loc":{"start":{"line":74,"column":21},"end":{"line":78,"column":4}},"line":74},"4":{"name":"fecharCriar","decl":{"start":{"line":80,"column":22},"end":{"line":84,"column":4}},"loc":{"start":{"line":80,"column":22},"end":{"line":84,"column":4}},"line":80},"5":{"name":"handleCriar","decl":{"start":{"line":86,"column":22},"end":{"line":99,"column":4}},"loc":{"start":{"line":86,"column":22},"end":{"line":99,"column":4}},"line":86},"6":{"name":"handleEditar","decl":{"start":{"line":101,"column":23},"end":{"line":121,"column":4}},"loc":{"start":{"line":101,"column":23},"end":{"line":121,"column":4}},"line":101},"7":{"name":"handleAlternarAtivo","decl":{"start":{"line":123,"column":30},"end":{"line":132,"column":4}},"loc":{"start":{"line":123,"column":30},"end":{"line":132,"column":4}},"line":123},"8":{"name":"abrirEditar","decl":{"start":{"line":134,"column":22},"end":{"line":138,"column":4}},"loc":{"start":{"line":134,"column":22},"end":{"line":138,"column":4}},"line":134},"9":{"name":"onClick","decl":{"start":{"line":192,"column":35},"end":{"line":192,"column":56}},"loc":{"start":{"line":192,"column":35},"end":{"line":192,"column":56}},"line":192},"10":{"name":"onClick","decl":{"start":{"line":200,"column":37},"end":{"line":200,"column":65}},"loc":{"start":{"line":200,"column":37},"end":{"line":200,"column":65}},"line":200},"11":{"name":"onChange","decl":{"start":{"line":233,"column":28},"end":{"line":233,"column":88}},"loc":{"start":{"line":233,"column":28},"end":{"line":233,"column":88}},"line":233},"12":{"name":"onChange","decl":{"start":{"line":244,"column":28},"end":{"line":244,"column":89}},"loc":{"start":{"line":244,"column":28},"end":{"line":244,"column":89}},"line":244},"13":{"name":"onChange","decl":{"start":{"line":257,"column":30},"end":{"line":257,"column":91}},"loc":{"start":{"line":257,"column":30},"end":{"line":257,"column":91}},"line":257},"14":{"name":"onClick","decl":{"start":{"line":262,"column":29},"end":{"line":262,"column":76}},"loc":{"start":{"line":262,"column":29},"end":{"line":262,"column":76}},"line":262},"15":{"name":"onChange","decl":{"start":{"line":273,"column":28},"end":{"line":273,"column":100}},"loc":{"start":{"line":273,"column":28},"end":{"line":273,"column":100}},"line":273},"16":{"name":"onClick","decl":{"start":{"line":299,"column":31},"end":{"line":299,"column":59}},"loc":{"start":{"line":299,"column":31},"end":{"line":299,"column":59}},"line":299},"17":{"name":"onChange","decl":{"start":{"line":309,"column":28},"end":{"line":309,"column":90}},"loc":{"start":{"line":309,"column":28},"end":{"line":309,"column":90}},"line":309},"18":{"name":"onChange","decl":{"start":{"line":319,"column":28},"end":{"line":319,"column":91}},"loc":{"start":{"line":319,"column":28},"end":{"line":319,"column":91}},"line":319},"19":{"name":"onChange","decl":{"start":{"line":332,"column":30},"end":{"line":332,"column":93}},"loc":{"start":{"line":332,"column":30},"end":{"line":332,"column":93}},"line":332},"20":{"name":"onClick","decl":{"start":{"line":337,"column":29},"end":{"line":337,"column":78}},"loc":{"start":{"line":337,"column":29},"end":{"line":337,"column":78}},"line":337},"21":{"name":"onChange","decl":{"start":{"line":348,"column":28},"end":{"line":348,"column":102}},"loc":{"start":{"line":348,"column":28},"end":{"line":348,"column":102}},"line":348},"22":{"name":"onClick","decl":{"start":{"line":357,"column":47},"end":{"line":357,"column":75}},"loc":{"start":{"line":357,"column":47},"end":{"line":357,"column":75}},"line":357},"23":{"name":"onClick","decl":{"start":{"line":386,"column":31},"end":{"line":386,"column":63}},"loc":{"start":{"line":386,"column":31},"end":{"line":386,"column":63}},"line":386},"24":{"name":"onClick","decl":{"start":{"line":390,"column":25},"end":{"line":390,"column":68}},"loc":{"start":{"line":390,"column":25},"end":{"line":390,"column":68}},"line":390}},"f":{"0":5,"1":6,"2":2,"3":1,"4":0,"5":0,"6":0,"7":0,"8":0,"9":0,"10":0,"11":0,"12":0,"13":0,"14":0,"15":0,"16":0,"17":0,"18":0,"19":0,"20":0,"21":0,"22":0,"23":0,"24":0}}
,"C:\\Sistema-de-Gestao-de-Estoque\\frontend\\src\\services\\api.ts": {"path":"C:\\Sistema-de-Gestao-de-Estoque\\frontend\\src\\services\\api.ts","all":false,"statementMap":{"0":{"start":{"line":1,"column":0},"end":{"line":1,"column":26}},"1":{"start":{"line":2,"column":0},"end":{"line":2,"column":36}},"2":{"start":{"line":3,"column":0},"end":{"line":3,"column":0}},"3":{"start":{"line":4,"column":0},"end":{"line":4,"column":33}},"4":{"start":{"line":5,"column":0},"end":{"line":5,"column":35}},"5":{"start":{"line":6,"column":0},"end":{"line":6,"column":12}},"6":{"start":{"line":7,"column":0},"end":{"line":7,"column":39}},"7":{"start":{"line":8,"column":0},"end":{"line":8,"column":4}},"8":{"start":{"line":9,"column":0},"end":{"line":9,"column":3}},"9":{"start":{"line":10,"column":0},"end":{"line":10,"column":0}},"10":{"start":{"line":11,"column":0},"end":{"line":11,"column":42}},"11":{"start":{"line":12,"column":0},"end":{"line":12,"column":52}},"12":{"start":{"line":13,"column":0},"end":{"line":13,"column":14}},"13":{"start":{"line":14,"column":0},"end":{"line":14,"column":53}},"14":{"start":{"line":15,"column":0},"end":{"line":15,"column":3}},"15":{"start":{"line":16,"column":0},"end":{"line":16,"column":16}},"16":{"start":{"line":17,"column":0},"end":{"line":17,"column":3}},"17":{"start":{"line":18,"column":0},"end":{"line":18,"column":0}},"18":{"start":{"line":19,"column":0},"end":{"line":19,"column":30}},"19":{"start":{"line":20,"column":0},"end":{"line":20,"column":25}},"20":{"start":{"line":21,"column":0},"end":{"line":21,"column":14}},"21":{"start":{"line":22,"column":0},"end":{"line":22,"column":42}},"22":{"start":{"line":23,"column":0},"end":{"line":23,"column":50}},"23":{"start":{"line":24,"column":0},"end":{"line":24,"column":0}},"24":{"start":{"line":25,"column":0},"end":{"line":25,"column":25}},"25":{"start":{"line":26,"column":0},"end":{"line":26,"column":45}},"26":{"start":{"line":27,"column":0},"end":{"line":27,"column":46}},"27":{"start":{"line":28,"column":0},"end":{"line":28,"column":41}},"28":{"start":{"line":29,"column":0},"end":{"line":29,"column":38}},"29":{"start":{"line":30,"column":0},"end":{"line":30,"column":32}},"30":{"start":{"line":31,"column":0},"end":{"line":31,"column":75}},"31":{"start":{"line":32,"column":0},"end":{"line":32,"column":32}},"32":{"start":{"line":33,"column":0},"end":{"line":33,"column":75}},"33":{"start":{"line":34,"column":0},"end":{"line":34,"column":25}},"34":{"start":{"line":35,"column":0},"end":{"line":35,"column":27}},"35":{"start":{"line":36,"column":0},"end":{"line":36,"column":5}},"36":{"start":{"line":37,"column":0},"end":{"line":37,"column":0}},"37":{"start":{"line":38,"column":0},"end":{"line":38,"column":33}},"38":{"start":{"line":39,"column":0},"end":{"line":39,"column":3}},"39":{"start":{"line":40,"column":0},"end":{"line":40,"column":2}}},"s":{"0":1,"1":1,"2":1,"3":1,"4":1,"5":1,"6":1,"7":1,"8":1,"9":1,"10":1,"11":2,"12":2,"13":1,"14":1,"15":2,"16":2,"17":1,"18":1,"19":1,"20":1,"21":0,"22":0,"23":0,"24":0,"25":0,"26":0,"27":0,"28":0,"29":0,"30":0,"31":0,"32":0,"33":0,"34":0,"35":0,"36":0,"37":0,"38":0,"39":1},"branchMap":{"0":{"type":"branch","line":11,"loc":{"start":{"line":11,"column":29},"end":{"line":17,"column":3}},"locations":[{"start":{"line":11,"column":29},"end":{"line":17,"column":3}}]},"1":{"type":"branch","line":13,"loc":{"start":{"line":13,"column":13},"end":{"line":15,"column":3}},"locations":[{"start":{"line":13,"column":13},"end":{"line":15,"column":3}}]}},"b":{"0":[2],"1":[1]},"fnMap":{"0":{"name":"api.interceptors.response.use.status","decl":{"start":{"line":20,"column":2},"end":{"line":20,"column":25}},"loc":{"start":{"line":20,"column":2},"end":{"line":20,"column":25}},"line":20}},"f":{"0":0}}
,"C:\\Sistema-de-Gestao-de-Estoque\\frontend\\src\\utils\\index.ts": {"path":"C:\\Sistema-de-Gestao-de-Estoque\\frontend\\src\\utils\\index.ts","all":false,"statementMap":{"0":{"start":{"line":1,"column":0},"end":{"line":1,"column":54}},"1":{"start":{"line":2,"column":0},"end":{"line":2,"column":42}},"2":{"start":{"line":3,"column":0},"end":{"line":3,"column":23}},"3":{"start":{"line":4,"column":0},"end":{"line":4,"column":21}},"4":{"start":{"line":5,"column":0},"end":{"line":5,"column":20}},"5":{"start":{"line":6,"column":0},"end":{"line":6,"column":2}},"6":{"start":{"line":7,"column":0},"end":{"line":7,"column":1}},"7":{"start":{"line":8,"column":0},"end":{"line":8,"column":53}},"8":{"start":{"line":9,"column":0},"end":{"line":9,"column":44}},"9":{"start":{"line":10,"column":0},"end":{"line":10,"column":20}},"10":{"start":{"line":11,"column":0},"end":{"line":11,"column":22}},"11":{"start":{"line":12,"column":0},"end":{"line":12,"column":21}},"12":{"start":{"line":13,"column":0},"end":{"line":13,"column":29}},"13":{"start":{"line":14,"column":0},"end":{"line":14,"column":2}},"14":{"start":{"line":15,"column":0},"end":{"line":15,"column":1}},"15":{"start":{"line":16,"column":0},"end":{"line":16,"column":57}},"16":{"start":{"line":17,"column":0},"end":{"line":17,"column":44}},"17":{"start":{"line":18,"column":0},"end":{"line":18,"column":20}},"18":{"start":{"line":19,"column":0},"end":{"line":19,"column":22}},"19":{"start":{"line":20,"column":0},"end":{"line":20,"column":21}},"20":{"start":{"line":21,"column":0},"end":{"line":21,"column":21}},"21":{"start":{"line":22,"column":0},"end":{"line":22,"column":23}},"22":{"start":{"line":23,"column":0},"end":{"line":23,"column":29}},"23":{"start":{"line":24,"column":0},"end":{"line":24,"column":2}},"24":{"start":{"line":25,"column":0},"end":{"line":25,"column":1}},"25":{"start":{"line":26,"column":0},"end":{"line":26,"column":53}},"26":{"start":{"line":27,"column":0},"end":{"line":27,"column":82}},"27":{"start":{"line":28,"column":0},"end":{"line":28,"column":2}},"28":{"start":{"line":29,"column":0},"end":{"line":29,"column":1}},"29":{"start":{"line":30,"column":0},"end":{"line":30,"column":55}},"30":{"start":{"line":31,"column":0},"end":{"line":31,"column":15}},"31":{"start":{"line":32,"column":0},"end":{"line":32,"column":36}},"32":{"start":{"line":33,"column":0},"end":{"line":33,"column":33}},"33":{"start":{"line":34,"column":0},"end":{"line":34,"column":2}}},"s":{"0":1,"1":1,"2":1,"3":1,"4":1,"5":1,"6":1,"7":1,"8":1,"9":1,"10":1,"11":1,"12":1,"13":1,"14":1,"15":1,"16":1,"17":1,"18":1,"19":1,"20":1,"21":1,"22":1,"23":1,"24":1,"25":1,"26":1,"27":1,"28":1,"29":1,"30":2,"31":1,"32":1,"33":2},"branchMap":{"0":{"type":"branch","line":1,"loc":{"start":{"line":1,"column":7},"end":{"line":6,"column":2}},"locations":[{"start":{"line":1,"column":7},"end":{"line":6,"column":2}}]},"1":{"type":"branch","line":8,"loc":{"start":{"line":8,"column":8},"end":{"line":14,"column":2}},"locations":[{"start":{"line":8,"column":8},"end":{"line":14,"column":2}}]},"2":{"type":"branch","line":16,"loc":{"start":{"line":16,"column":8},"end":{"line":24,"column":2}},"locations":[{"start":{"line":16,"column":8},"end":{"line":24,"column":2}}]},"3":{"type":"branch","line":26,"loc":{"start":{"line":26,"column":8},"end":{"line":28,"column":2}},"locations":[{"start":{"line":26,"column":8},"end":{"line":28,"column":2}}]},"4":{"type":"branch","line":30,"loc":{"start":{"line":30,"column":8},"end":{"line":34,"column":2}},"locations":[{"start":{"line":30,"column":8},"end":{"line":34,"column":2}}]},"5":{"type":"branch","line":31,"loc":{"start":{"line":31,"column":10},"end":{"line":32,"column":36}},"locations":[{"start":{"line":31,"column":10},"end":{"line":32,"column":36}}]},"6":{"type":"branch","line":32,"loc":{"start":{"line":32,"column":7},"end":{"line":33,"column":33}},"locations":[{"start":{"line":32,"column":7},"end":{"line":33,"column":33}}]}},"b":{"0":[1],"1":[1],"2":[1],"3":[1],"4":[2],"5":[1],"6":[1]},"fnMap":{"0":{"name":"formatarMoeda","decl":{"start":{"line":1,"column":7},"end":{"line":6,"column":2}},"loc":{"start":{"line":1,"column":7},"end":{"line":6,"column":2}},"line":1},"1":{"name":"formatarData","decl":{"start":{"line":8,"column":8},"end":{"line":14,"column":2}},"loc":{"start":{"line":8,"column":8},"end":{"line":14,"column":2}},"line":8},"2":{"name":"formatarDataHora","decl":{"start":{"line":16,"column":8},"end":{"line":24,"column":2}},"loc":{"start":{"line":16,"column":8},"end":{"line":24,"column":2}},"line":16},"3":{"name":"formatarCNPJ","decl":{"start":{"line":26,"column":8},"end":{"line":28,"column":2}},"loc":{"start":{"line":26,"column":8},"end":{"line":28,"column":2}},"line":26},"4":{"name":"classeStatus","decl":{"start":{"line":30,"column":8},"end":{"line":34,"column":2}},"loc":{"start":{"line":30,"column":8},"end":{"line":34,"column":2}},"line":30}},"f":{"0":1,"1":1,"2":1,"3":1,"4":2}}
}
